# JRE version: OpenJDK Runtime Environment Temurin-17.0.13+11 (17.0.13+11) (build 17.0.13+11)
# Java VM: OpenJDK 64-Bit Server VM Temurin-17.0.13+11 (17.0.13+11, mixed mode, tiered, compressed oops, compressed class ptrs, parallel gc, windows-amd64)
GC Precious Log:
 CPUs: 12 total, 12 available
 Memory: 7860M
 Large Page Support: Disabled
 NUMA Support: Disabled
 Compressed Oops: Enabled (32-bit)
 Alignments: Space 512K, Generation 512K, Heap 2M
 Heap Min Capacity: 100M
 Heap Initial Capacity: 100M
 Heap Max Capacity: 1G
 Pre-touch: Disabled
 Parallel Workers: 10
Heap:
 PSYoungGen      total 9728K, used 2546K [0x00000000eab00000, 0x00000000eb700000, 0x0000000100000000)
  eden space 7168K, 0% used [0x00000000eab00000,0x00000000eab00000,0x00000000eb200000)
  from space 2560K, 99% used [0x00000000eb480000,0x00000000eb6fc8e8,0x00000000eb700000)
  to   space 2048K, 0% used [0x00000000eb200000,0x00000000eb200000,0x00000000eb400000)
 ParOldGen       total 207360K, used 180381K [0x00000000c0000000, 0x00000000cca80000, 0x00000000eab00000)
  object space 207360K, 86% used [0x00000000c0000000,0x00000000cb027590,0x00000000cca80000)
 Metaspace       used 71878K, committed 73216K, reserved 1179648K
  class space    used 7800K, committed 8384K, reserved 1048576K
GC Heap History (20 events):
Event: 11.312 GC heap before
{Heap before GC invocations=139 (full 7):
 PSYoungGen      total 5632K, used 5215K [0x00000000eab00000, 0x00000000eb200000, 0x0000000100000000)
  eden space 4096K, 100% used [0x00000000eab00000,0x00000000eaf00000,0x00000000eaf00000)
  from space 1536K, 72% used [0x00000000eb080000,0x00000000eb197d90,0x00000000eb200000)
  to   space 1536K, 0% used [0x00000000eaf00000,0x00000000eaf00000,0x00000000eb080000)
 ParOldGen       total 181248K, used 172740K [0x00000000c0000000, 0x00000000cb100000, 0x00000000eab00000)
  object space 181248K, 95% used [0x00000000c0000000,0x00000000ca8b11a0,0x00000000cb100000)
 Metaspace       used 70700K, committed 72000K, reserved 1114112K
  class space    used 7680K, committed 8256K, reserved 1048576K
}
Event: 11.315 GC heap after
{Heap after GC invocations=139 (full 7):
 PSYoungGen      total 5632K, used 1146K [0x00000000eab00000, 0x00000000eb300000, 0x0000000100000000)
  eden space 4096K, 0% used [0x00000000eab00000,0x00000000eab00000,0x00000000eaf00000)
  from space 1536K, 74% used [0x00000000eaf00000,0x00000000eb01e910,0x00000000eb080000)
  to   space 1536K, 0% used [0x00000000eb180000,0x00000000eb180000,0x00000000eb300000)
 ParOldGen       total 181248K, used 173718K [0x00000000c0000000, 0x00000000cb100000, 0x00000000eab00000)
  object space 181248K, 95% used [0x00000000c0000000,0x00000000ca9a5aa8,0x00000000cb100000)
 Metaspace       used 70700K, committed 72000K, reserved 1114112K
  class space    used 7680K, committed 8256K, reserved 1048576K
}
Event: 11.323 GC heap before
{Heap before GC invocations=140 (full 7):
 PSYoungGen      total 5632K, used 5242K [0x00000000eab00000, 0x00000000eb300000, 0x0000000100000000)
  eden space 4096K, 100% used [0x00000000eab00000,0x00000000eaf00000,0x00000000eaf00000)
  from space 1536K, 74% used [0x00000000eaf00000,0x00000000eb01e910,0x00000000eb080000)
  to   space 1536K, 0% used [0x00000000eb180000,0x00000000eb180000,0x00000000eb300000)
 ParOldGen       total 181248K, used 173718K [0x00000000c0000000, 0x00000000cb100000, 0x00000000eab00000)
  object space 181248K, 95% used [0x00000000c0000000,0x00000000ca9a5aa8,0x00000000cb100000)
 Metaspace       used 70719K, committed 72000K, reserved 1114112K
  class space    used 7681K, committed 8256K, reserved 1048576K
}
Event: 11.324 GC heap after
{Heap after GC invocations=140 (full 7):
 PSYoungGen      total 6656K, used 1069K [0x00000000eab00000, 0x00000000eb300000, 0x0000000100000000)
  eden space 5120K, 0% used [0x00000000eab00000,0x00000000eab00000,0x00000000eb000000)
  from space 1536K, 69% used [0x00000000eb180000,0x00000000eb28b408,0x00000000eb300000)
  to   space 1536K, 0% used [0x00000000eb000000,0x00000000eb000000,0x00000000eb180000)
 ParOldGen       total 181248K, used 174595K [0x00000000c0000000, 0x00000000cb100000, 0x00000000eab00000)
  object space 181248K, 96% used [0x00000000c0000000,0x00000000caa80d48,0x00000000cb100000)
 Metaspace       used 70719K, committed 72000K, reserved 1114112K
  class space    used 7681K, committed 8256K, reserved 1048576K
}
Event: 11.335 GC heap before
{Heap before GC invocations=141 (full 7):
 PSYoungGen      total 6656K, used 6189K [0x00000000eab00000, 0x00000000eb300000, 0x0000000100000000)
  eden space 5120K, 100% used [0x00000000eab00000,0x00000000eb000000,0x00000000eb000000)
  from space 1536K, 69% used [0x00000000eb180000,0x00000000eb28b408,0x00000000eb300000)
  to   space 1536K, 0% used [0x00000000eb000000,0x00000000eb000000,0x00000000eb180000)
 ParOldGen       total 181248K, used 174595K [0x00000000c0000000, 0x00000000cb100000, 0x00000000eab00000)
  object space 181248K, 96% used [0x00000000c0000000,0x00000000caa80d48,0x00000000cb100000)
 Metaspace       used 70773K, committed 72064K, reserved 1114112K
  class space    used 7685K, committed 8256K, reserved 1048576K
}
Event: 11.337 GC heap after
{Heap after GC invocations=141 (full 7):
 PSYoungGen      total 6656K, used 1385K [0x00000000eab00000, 0x00000000eb400000, 0x0000000100000000)
  eden space 5120K, 0% used [0x00000000eab00000,0x00000000eab00000,0x00000000eb000000)
  from space 1536K, 90% used [0x00000000eb000000,0x00000000eb15a5c8,0x00000000eb180000)
  to   space 1536K, 0% used [0x00000000eb280000,0x00000000eb280000,0x00000000eb400000)
 ParOldGen       total 181248K, used 175592K [0x00000000c0000000, 0x00000000cb100000, 0x00000000eab00000)
  object space 181248K, 96% used [0x00000000c0000000,0x00000000cab7a060,0x00000000cb100000)
 Metaspace       used 70773K, committed 72064K, reserved 1114112K
  class space    used 7685K, committed 8256K, reserved 1048576K
}
Event: 11.347 GC heap before
{Heap before GC invocations=142 (full 7):
 PSYoungGen      total 6656K, used 6505K [0x00000000eab00000, 0x00000000eb400000, 0x0000000100000000)
  eden space 5120K, 100% used [0x00000000eab00000,0x00000000eb000000,0x00000000eb000000)
  from space 1536K, 90% used [0x00000000eb000000,0x00000000eb15a5c8,0x00000000eb180000)
  to   space 1536K, 0% used [0x00000000eb280000,0x00000000eb280000,0x00000000eb400000)
 ParOldGen       total 181248K, used 175592K [0x00000000c0000000, 0x00000000cb100000, 0x00000000eab00000)
  object space 181248K, 96% used [0x00000000c0000000,0x00000000cab7a060,0x00000000cb100000)
 Metaspace       used 70830K, committed 72128K, reserved 1114112K
  class space    used 7691K, committed 8256K, reserved 1048576K
}
Event: 11.348 GC heap after
{Heap after GC invocations=142 (full 7):
 PSYoungGen      total 7680K, used 1251K [0x00000000eab00000, 0x00000000eb400000, 0x0000000100000000)
  eden space 6144K, 0% used [0x00000000eab00000,0x00000000eab00000,0x00000000eb100000)
  from space 1536K, 81% used [0x00000000eb280000,0x00000000eb3b8f00,0x00000000eb400000)
  to   space 1536K, 0% used [0x00000000eb100000,0x00000000eb100000,0x00000000eb280000)
 ParOldGen       total 181248K, used 176794K [0x00000000c0000000, 0x00000000cb100000, 0x00000000eab00000)
  object space 181248K, 97% used [0x00000000c0000000,0x00000000caca6830,0x00000000cb100000)
 Metaspace       used 70830K, committed 72128K, reserved 1114112K
  class space    used 7691K, committed 8256K, reserved 1048576K
}
Event: 11.358 GC heap before
{Heap before GC invocations=143 (full 7):
 PSYoungGen      total 7680K, used 7395K [0x00000000eab00000, 0x00000000eb400000, 0x0000000100000000)
  eden space 6144K, 100% used [0x00000000eab00000,0x00000000eb100000,0x00000000eb100000)
  from space 1536K, 81% used [0x00000000eb280000,0x00000000eb3b8f00,0x00000000eb400000)
  to   space 1536K, 0% used [0x00000000eb100000,0x00000000eb100000,0x00000000eb280000)
 ParOldGen       total 181248K, used 176794K [0x00000000c0000000, 0x00000000cb100000, 0x00000000eab00000)
  object space 181248K, 97% used [0x00000000c0000000,0x00000000caca6830,0x00000000cb100000)
 Metaspace       used 70947K, committed 72256K, reserved 1114112K
  class space    used 7707K, committed 8256K, reserved 1048576K
}
Event: 11.360 GC heap after
{Heap after GC invocations=143 (full 7):
 PSYoungGen      total 7680K, used 1327K [0x00000000eab00000, 0x00000000eb500000, 0x0000000100000000)
  eden space 6144K, 0% used [0x00000000eab00000,0x00000000eab00000,0x00000000eb100000)
  from space 1536K, 86% used [0x00000000eb100000,0x00000000eb24bd90,0x00000000eb280000)
  to   space 1536K, 0% used [0x00000000eb380000,0x00000000eb380000,0x00000000eb500000)
 ParOldGen       total 181248K, used 177934K [0x00000000c0000000, 0x00000000cb100000, 0x00000000eab00000)
  object space 181248K, 98% used [0x00000000c0000000,0x00000000cadc3938,0x00000000cb100000)
 Metaspace       used 70947K, committed 72256K, reserved 1114112K
  class space    used 7707K, committed 8256K, reserved 1048576K
}
Event: 11.371 GC heap before
{Heap before GC invocations=144 (full 7):
 PSYoungGen      total 7680K, used 7471K [0x00000000eab00000, 0x00000000eb500000, 0x0000000100000000)
  eden space 6144K, 100% used [0x00000000eab00000,0x00000000eb100000,0x00000000eb100000)
  from space 1536K, 86% used [0x00000000eb100000,0x00000000eb24bd90,0x00000000eb280000)
  to   space 1536K, 0% used [0x00000000eb380000,0x00000000eb380000,0x00000000eb500000)
 ParOldGen       total 181248K, used 177934K [0x00000000c0000000, 0x00000000cb100000, 0x00000000eab00000)
  object space 181248K, 98% used [0x00000000c0000000,0x00000000cadc3938,0x00000000cb100000)
 Metaspace       used 71085K, committed 72384K, reserved 1114112K
  class space    used 7727K, committed 8320K, reserved 1048576K
}
Event: 11.373 GC heap after
{Heap after GC invocations=144 (full 7):
 PSYoungGen      total 8704K, used 1280K [0x00000000eab00000, 0x00000000eb500000, 0x0000000100000000)
  eden space 7168K, 0% used [0x00000000eab00000,0x00000000eab00000,0x00000000eb200000)
  from space 1536K, 83% used [0x00000000eb380000,0x00000000eb4c0000,0x00000000eb500000)
  to   space 1536K, 0% used [0x00000000eb200000,0x00000000eb200000,0x00000000eb380000)
 ParOldGen       total 181248K, used 179150K [0x00000000c0000000, 0x00000000cb100000, 0x00000000eab00000)
  object space 181248K, 98% used [0x00000000c0000000,0x00000000caef3a78,0x00000000cb100000)
 Metaspace       used 71085K, committed 72384K, reserved 1114112K
  class space    used 7727K, committed 8320K, reserved 1048576K
}
Event: 11.388 GC heap before
{Heap before GC invocations=145 (full 7):
 PSYoungGen      total 8704K, used 8448K [0x00000000eab00000, 0x00000000eb500000, 0x0000000100000000)
  eden space 7168K, 100% used [0x00000000eab00000,0x00000000eb200000,0x00000000eb200000)
  from space 1536K, 83% used [0x00000000eb380000,0x00000000eb4c0000,0x00000000eb500000)
  to   space 1536K, 0% used [0x00000000eb200000,0x00000000eb200000,0x00000000eb380000)
 ParOldGen       total 181248K, used 179150K [0x00000000c0000000, 0x00000000cb100000, 0x00000000eab00000)
  object space 181248K, 98% used [0x00000000c0000000,0x00000000caef3a78,0x00000000cb100000)
 Metaspace       used 71125K, committed 72448K, reserved 1114112K
  class space    used 7731K, committed 8320K, reserved 1048576K
}
Event: 11.390 GC heap after
{Heap after GC invocations=145 (full 7):
 PSYoungGen      total 8704K, used 1505K [0x00000000eab00000, 0x00000000eb800000, 0x0000000100000000)
  eden space 7168K, 0% used [0x00000000eab00000,0x00000000eab00000,0x00000000eb200000)
  from space 1536K, 98% used [0x00000000eb200000,0x00000000eb3786e0,0x00000000eb380000)
  to   space 3072K, 0% used [0x00000000eb500000,0x00000000eb500000,0x00000000eb800000)
 ParOldGen       total 181248K, used 180439K [0x00000000c0000000, 0x00000000cb100000, 0x00000000eab00000)
  object space 181248K, 99% used [0x00000000c0000000,0x00000000cb035d50,0x00000000cb100000)
 Metaspace       used 71125K, committed 72448K, reserved 1114112K
  class space    used 7731K, committed 8320K, reserved 1048576K
}
Event: 11.420 GC heap before
{Heap before GC invocations=146 (full 8):
 PSYoungGen      total 8704K, used 8673K [0x00000000eab00000, 0x00000000eb800000, 0x0000000100000000)
  eden space 7168K, 100% used [0x00000000eab00000,0x00000000eb200000,0x00000000eb200000)
  from space 1536K, 98% used [0x00000000eb200000,0x00000000eb3786e0,0x00000000eb380000)
  to   space 3072K, 0% used [0x00000000eb500000,0x00000000eb500000,0x00000000eb800000)
 ParOldGen       total 181248K, used 180439K [0x00000000c0000000, 0x00000000cb100000, 0x00000000eab00000)
  object space 181248K, 99% used [0x00000000c0000000,0x00000000cb035d50,0x00000000cb100000)
 Metaspace       used 71232K, committed 72576K, reserved 1114112K
  class space    used 7744K, committed 8320K, reserved 1048576K
}
Event: 11.523 GC heap after
{Heap after GC invocations=146 (full 8):
 PSYoungGen      total 10240K, used 0K [0x00000000eab00000, 0x00000000eb900000, 0x0000000100000000)
  eden space 7168K, 0% used [0x00000000eab00000,0x00000000eab00000,0x00000000eb200000)
  from space 3072K, 0% used [0x00000000eb500000,0x00000000eb500000,0x00000000eb800000)
  to   space 3072K, 0% used [0x00000000eb200000,0x00000000eb200000,0x00000000eb500000)
 ParOldGen       total 207360K, used 177456K [0x00000000c0000000, 0x00000000cca80000, 0x00000000eab00000)
  object space 207360K, 85% used [0x00000000c0000000,0x00000000cad4c170,0x00000000cca80000)
 Metaspace       used 71232K, committed 72576K, reserved 1114112K
  class space    used 7744K, committed 8320K, reserved 1048576K
}
Event: 11.539 GC heap before
{Heap before GC invocations=147 (full 8):
 PSYoungGen      total 10240K, used 7168K [0x00000000eab00000, 0x00000000eb900000, 0x0000000100000000)
  eden space 7168K, 100% used [0x00000000eab00000,0x00000000eb200000,0x00000000eb200000)
  from space 3072K, 0% used [0x00000000eb500000,0x00000000eb500000,0x00000000eb800000)
  to   space 3072K, 0% used [0x00000000eb200000,0x00000000eb200000,0x00000000eb500000)
 ParOldGen       total 207360K, used 177456K [0x00000000c0000000, 0x00000000cca80000, 0x00000000eab00000)
  object space 207360K, 85% used [0x00000000c0000000,0x00000000cad4c170,0x00000000cca80000)
 Metaspace       used 71373K, committed 72704K, reserved 1114112K
  class space    used 7755K, committed 8320K, reserved 1048576K
}
Event: 11.540 GC heap after
{Heap after GC invocations=147 (full 8):
 PSYoungGen      total 10240K, used 1556K [0x00000000eab00000, 0x00000000eb700000, 0x0000000100000000)
  eden space 7168K, 0% used [0x00000000eab00000,0x00000000eab00000,0x00000000eb200000)
  from space 3072K, 50% used [0x00000000eb200000,0x00000000eb385290,0x00000000eb500000)
  to   space 2048K, 0% used [0x00000000eb500000,0x00000000eb500000,0x00000000eb700000)
 ParOldGen       total 207360K, used 177456K [0x00000000c0000000, 0x00000000cca80000, 0x00000000eab00000)
  object space 207360K, 85% used [0x00000000c0000000,0x00000000cad4c170,0x00000000cca80000)
 Metaspace       used 71373K, committed 72704K, reserved 1114112K
  class space    used 7755K, committed 8320K, reserved 1048576K
}
Event: 11.558 GC heap before
{Heap before GC invocations=148 (full 8):
 PSYoungGen      total 10240K, used 8724K [0x00000000eab00000, 0x00000000eb700000, 0x0000000100000000)
  eden space 7168K, 100% used [0x00000000eab00000,0x00000000eb200000,0x00000000eb200000)
  from space 3072K, 50% used [0x00000000eb200000,0x00000000eb385290,0x00000000eb500000)
  to   space 2048K, 0% used [0x00000000eb500000,0x00000000eb500000,0x00000000eb700000)
 ParOldGen       total 207360K, used 177456K [0x00000000c0000000, 0x00000000cca80000, 0x00000000eab00000)
  object space 207360K, 85% used [0x00000000c0000000,0x00000000cad4c170,0x00000000cca80000)
 Metaspace       used 71511K, committed 72832K, reserved 1114112K
  class space    used 7761K, committed 8320K, reserved 1048576K
}
Event: 11.559 GC heap after
{Heap after GC invocations=148 (full 8):
 PSYoungGen      total 9216K, used 2043K [0x00000000eab00000, 0x00000000eb900000, 0x0000000100000000)
  eden space 7168K, 0% used [0x00000000eab00000,0x00000000eab00000,0x00000000eb200000)
  from space 2048K, 99% used [0x00000000eb500000,0x00000000eb6fed00,0x00000000eb700000)
  to   space 3072K, 0% used [0x00000000eb200000,0x00000000eb200000,0x00000000eb500000)
 ParOldGen       total 207360K, used 178235K [0x00000000c0000000, 0x00000000cca80000, 0x00000000eab00000)
  object space 207360K, 85% used [0x00000000c0000000,0x00000000cae0ec58,0x00000000cca80000)
 Metaspace       used 71511K, committed 72832K, reserved 1114112K
  class space    used 7761K, committed 8320K, reserved 1048576K
}

