# JRE version: OpenJDK Runtime Environment Temurin-17.0.12+7 (17.0.12+7) (build 17.0.12+7)
# Java VM: OpenJDK 64-Bit Server VM Temurin-17.0.12+7 (17.0.12+7, mixed mode, tiered, compressed oops, compressed class ptrs, parallel gc, windows-amd64)
GC Precious Log:
 CPUs: 12 total, 12 available
 Memory: 7860M
 Large Page Support: Disabled
 NUMA Support: Disabled
 Compressed Oops: Enabled (32-bit)
 Alignments: Space 512K, Generation 512K, Heap 2M
 Heap Min Capacity: 100M
 Heap Initial Capacity: 100M
 Heap Max Capacity: 1G
 Pre-touch: Disabled
 Parallel Workers: 10
Heap:
 PSYoungGen      total 16896K, used 15979K [0x00000000eab00000, 0x00000000ec080000, 0x0000000100000000)
  eden space 13824K, 100% used [0x00000000eab00000,0x00000000eb880000,0x00000000eb880000)
  from space 3072K, 70% used [0x00000000eb880000,0x00000000eba9af70,0x00000000ebb80000)
  to   space 2560K, 79% used [0x00000000ebe00000,0x00000000ebffa188,0x00000000ec080000)
 ParOldGen       total 93184K, used 71127K [0x00000000c0000000, 0x00000000c5b00000, 0x00000000eab00000)
  object space 93184K, 76% used [0x00000000c0000000,0x00000000c4575d38,0x00000000c5b00000)
 Metaspace       used 62716K, committed 63872K, reserved 1114112K
  class space    used 6750K, committed 7232K, reserved 1048576K
GC Heap History (20 events):
Event: 14.959 GC heap after
{Heap after GC invocations=38 (full 3):
 PSYoungGen      total 19968K, used 2633K [0x00000000eab00000, 0x00000000ec180000, 0x0000000100000000)
  eden space 16896K, 0% used [0x00000000eab00000,0x00000000eab00000,0x00000000ebb80000)
  from space 3072K, 85% used [0x00000000ebc00000,0x00000000ebe927c0,0x00000000ebf00000)
  to   space 2560K, 0% used [0x00000000ebf00000,0x00000000ebf00000,0x00000000ec180000)
 ParOldGen       total 68608K, used 53075K [0x00000000c0000000, 0x00000000c4300000, 0x00000000eab00000)
  object space 68608K, 77% used [0x00000000c0000000,0x00000000c33d4d60,0x00000000c4300000)
 Metaspace       used 59635K, committed 60800K, reserved 1114112K
  class space    used 6479K, committed 6976K, reserved 1048576K
}
Event: 15.044 GC heap before
{Heap before GC invocations=39 (full 3):
 PSYoungGen      total 19968K, used 19529K [0x00000000eab00000, 0x00000000ec180000, 0x0000000100000000)
  eden space 16896K, 100% used [0x00000000eab00000,0x00000000ebb80000,0x00000000ebb80000)
  from space 3072K, 85% used [0x00000000ebc00000,0x00000000ebe927c0,0x00000000ebf00000)
  to   space 2560K, 0% used [0x00000000ebf00000,0x00000000ebf00000,0x00000000ec180000)
 ParOldGen       total 68608K, used 53105K [0x00000000c0000000, 0x00000000c4300000, 0x00000000eab00000)
  object space 68608K, 77% used [0x00000000c0000000,0x00000000c33dc630,0x00000000c4300000)
 Metaspace       used 59814K, committed 60992K, reserved 1114112K
  class space    used 6493K, committed 7040K, reserved 1048576K
}
Event: 15.046 GC heap after
{Heap after GC invocations=39 (full 3):
 PSYoungGen      total 19456K, used 2529K [0x00000000eab00000, 0x00000000ec180000, 0x0000000100000000)
  eden space 16896K, 0% used [0x00000000eab00000,0x00000000eab00000,0x00000000ebb80000)
  from space 2560K, 98% used [0x00000000ebf00000,0x00000000ec178528,0x00000000ec180000)
  to   space 3072K, 0% used [0x00000000ebb80000,0x00000000ebb80000,0x00000000ebe80000)
 ParOldGen       total 68608K, used 55383K [0x00000000c0000000, 0x00000000c4300000, 0x00000000eab00000)
  object space 68608K, 80% used [0x00000000c0000000,0x00000000c3615fa8,0x00000000c4300000)
 Metaspace       used 59814K, committed 60992K, reserved 1114112K
  class space    used 6493K, committed 7040K, reserved 1048576K
}
Event: 15.180 GC heap before
{Heap before GC invocations=40 (full 3):
 PSYoungGen      total 19456K, used 19425K [0x00000000eab00000, 0x00000000ec180000, 0x0000000100000000)
  eden space 16896K, 100% used [0x00000000eab00000,0x00000000ebb80000,0x00000000ebb80000)
  from space 2560K, 98% used [0x00000000ebf00000,0x00000000ec178528,0x00000000ec180000)
  to   space 3072K, 0% used [0x00000000ebb80000,0x00000000ebb80000,0x00000000ebe80000)
 ParOldGen       total 68608K, used 55383K [0x00000000c0000000, 0x00000000c4300000, 0x00000000eab00000)
  object space 68608K, 80% used [0x00000000c0000000,0x00000000c3615fa8,0x00000000c4300000)
 Metaspace       used 59997K, committed 61184K, reserved 1114112K
  class space    used 6514K, committed 7040K, reserved 1048576K
}
Event: 15.184 GC heap after
{Heap after GC invocations=40 (full 3):
 PSYoungGen      total 19456K, used 2407K [0x00000000eab00000, 0x00000000ec080000, 0x0000000100000000)
  eden space 16896K, 0% used [0x00000000eab00000,0x00000000eab00000,0x00000000ebb80000)
  from space 2560K, 94% used [0x00000000ebb80000,0x00000000ebdd9ff0,0x00000000ebe00000)
  to   space 2560K, 0% used [0x00000000ebe00000,0x00000000ebe00000,0x00000000ec080000)
 ParOldGen       total 68608K, used 57671K [0x00000000c0000000, 0x00000000c4300000, 0x00000000eab00000)
  object space 68608K, 84% used [0x00000000c0000000,0x00000000c3851e58,0x00000000c4300000)
 Metaspace       used 59997K, committed 61184K, reserved 1114112K
  class space    used 6514K, committed 7040K, reserved 1048576K
}
Event: 15.360 GC heap before
{Heap before GC invocations=41 (full 3):
 PSYoungGen      total 19456K, used 19303K [0x00000000eab00000, 0x00000000ec080000, 0x0000000100000000)
  eden space 16896K, 100% used [0x00000000eab00000,0x00000000ebb80000,0x00000000ebb80000)
  from space 2560K, 94% used [0x00000000ebb80000,0x00000000ebdd9ff0,0x00000000ebe00000)
  to   space 2560K, 0% used [0x00000000ebe00000,0x00000000ebe00000,0x00000000ec080000)
 ParOldGen       total 68608K, used 57671K [0x00000000c0000000, 0x00000000c4300000, 0x00000000eab00000)
  object space 68608K, 84% used [0x00000000c0000000,0x00000000c3851e58,0x00000000c4300000)
 Metaspace       used 60940K, committed 62080K, reserved 1114112K
  class space    used 6571K, committed 7104K, reserved 1048576K
}
Event: 15.364 GC heap after
{Heap after GC invocations=41 (full 3):
 PSYoungGen      total 19456K, used 2262K [0x00000000eab00000, 0x00000000ec080000, 0x0000000100000000)
  eden space 16896K, 0% used [0x00000000eab00000,0x00000000eab00000,0x00000000ebb80000)
  from space 2560K, 88% used [0x00000000ebe00000,0x00000000ec035890,0x00000000ec080000)
  to   space 2560K, 0% used [0x00000000ebb80000,0x00000000ebb80000,0x00000000ebe00000)
 ParOldGen       total 68608K, used 59886K [0x00000000c0000000, 0x00000000c4300000, 0x00000000eab00000)
  object space 68608K, 87% used [0x00000000c0000000,0x00000000c3a7bad0,0x00000000c4300000)
 Metaspace       used 60940K, committed 62080K, reserved 1114112K
  class space    used 6571K, committed 7104K, reserved 1048576K
}
Event: 16.477 GC heap before
{Heap before GC invocations=42 (full 3):
 PSYoungGen      total 19456K, used 19158K [0x00000000eab00000, 0x00000000ec080000, 0x0000000100000000)
  eden space 16896K, 100% used [0x00000000eab00000,0x00000000ebb80000,0x00000000ebb80000)
  from space 2560K, 88% used [0x00000000ebe00000,0x00000000ec035890,0x00000000ec080000)
  to   space 2560K, 0% used [0x00000000ebb80000,0x00000000ebb80000,0x00000000ebe00000)
 ParOldGen       total 68608K, used 59886K [0x00000000c0000000, 0x00000000c4300000, 0x00000000eab00000)
  object space 68608K, 87% used [0x00000000c0000000,0x00000000c3a7bad0,0x00000000c4300000)
 Metaspace       used 61350K, committed 62592K, reserved 1114112K
  class space    used 6642K, committed 7168K, reserved 1048576K
}
Event: 16.482 GC heap after
{Heap after GC invocations=42 (full 3):
 PSYoungGen      total 19456K, used 2500K [0x00000000eab00000, 0x00000000ec080000, 0x0000000100000000)
  eden space 16896K, 0% used [0x00000000eab00000,0x00000000eab00000,0x00000000ebb80000)
  from space 2560K, 97% used [0x00000000ebb80000,0x00000000ebdf1028,0x00000000ebe00000)
  to   space 2560K, 0% used [0x00000000ebe00000,0x00000000ebe00000,0x00000000ec080000)
 ParOldGen       total 68608K, used 62775K [0x00000000c0000000, 0x00000000c4300000, 0x00000000eab00000)
  object space 68608K, 91% used [0x00000000c0000000,0x00000000c3d4df00,0x00000000c4300000)
 Metaspace       used 61350K, committed 62592K, reserved 1114112K
  class space    used 6642K, committed 7168K, reserved 1048576K
}
Event: 16.556 GC heap before
{Heap before GC invocations=43 (full 3):
 PSYoungGen      total 19456K, used 19396K [0x00000000eab00000, 0x00000000ec080000, 0x0000000100000000)
  eden space 16896K, 100% used [0x00000000eab00000,0x00000000ebb80000,0x00000000ebb80000)
  from space 2560K, 97% used [0x00000000ebb80000,0x00000000ebdf1028,0x00000000ebe00000)
  to   space 2560K, 0% used [0x00000000ebe00000,0x00000000ebe00000,0x00000000ec080000)
 ParOldGen       total 68608K, used 62775K [0x00000000c0000000, 0x00000000c4300000, 0x00000000eab00000)
  object space 68608K, 91% used [0x00000000c0000000,0x00000000c3d4df00,0x00000000c4300000)
 Metaspace       used 61523K, committed 62720K, reserved 1114112K
  class space    used 6653K, committed 7168K, reserved 1048576K
}
Event: 16.560 GC heap after
{Heap after GC invocations=43 (full 3):
 PSYoungGen      total 16384K, used 2550K [0x00000000eab00000, 0x00000000ec680000, 0x0000000100000000)
  eden space 13824K, 0% used [0x00000000eab00000,0x00000000eab00000,0x00000000eb880000)
  from space 2560K, 99% used [0x00000000ebe00000,0x00000000ec07db70,0x00000000ec080000)
  to   space 5632K, 0% used [0x00000000eb880000,0x00000000eb880000,0x00000000ebe00000)
 ParOldGen       total 68608K, used 65014K [0x00000000c0000000, 0x00000000c4300000, 0x00000000eab00000)
  object space 68608K, 94% used [0x00000000c0000000,0x00000000c3f7dba0,0x00000000c4300000)
 Metaspace       used 61523K, committed 62720K, reserved 1114112K
  class space    used 6653K, committed 7168K, reserved 1048576K
}
Event: 16.621 GC heap before
{Heap before GC invocations=44 (full 3):
 PSYoungGen      total 16384K, used 16374K [0x00000000eab00000, 0x00000000ec680000, 0x0000000100000000)
  eden space 13824K, 100% used [0x00000000eab00000,0x00000000eb880000,0x00000000eb880000)
  from space 2560K, 99% used [0x00000000ebe00000,0x00000000ec07db70,0x00000000ec080000)
  to   space 5632K, 0% used [0x00000000eb880000,0x00000000eb880000,0x00000000ebe00000)
 ParOldGen       total 68608K, used 65014K [0x00000000c0000000, 0x00000000c4300000, 0x00000000eab00000)
  object space 68608K, 94% used [0x00000000c0000000,0x00000000c3f7dba0,0x00000000c4300000)
 Metaspace       used 61669K, committed 62848K, reserved 1114112K
  class space    used 6663K, committed 7168K, reserved 1048576K
}
Event: 16.624 GC heap after
{Heap after GC invocations=44 (full 3):
 PSYoungGen      total 16896K, used 2574K [0x00000000eab00000, 0x00000000ebf80000, 0x0000000100000000)
  eden space 13824K, 0% used [0x00000000eab00000,0x00000000eab00000,0x00000000eb880000)
  from space 3072K, 83% used [0x00000000eb880000,0x00000000ebb03860,0x00000000ebb80000)
  to   space 3584K, 0% used [0x00000000ebc00000,0x00000000ebc00000,0x00000000ebf80000)
 ParOldGen       total 68608K, used 67377K [0x00000000c0000000, 0x00000000c4300000, 0x00000000eab00000)
  object space 68608K, 98% used [0x00000000c0000000,0x00000000c41cc708,0x00000000c4300000)
 Metaspace       used 61669K, committed 62848K, reserved 1114112K
  class space    used 6663K, committed 7168K, reserved 1048576K
}
Event: 16.624 GC heap before
{Heap before GC invocations=45 (full 4):
 PSYoungGen      total 16896K, used 2574K [0x00000000eab00000, 0x00000000ebf80000, 0x0000000100000000)
  eden space 13824K, 0% used [0x00000000eab00000,0x00000000eab00000,0x00000000eb880000)
  from space 3072K, 83% used [0x00000000eb880000,0x00000000ebb03860,0x00000000ebb80000)
  to   space 3584K, 0% used [0x00000000ebc00000,0x00000000ebc00000,0x00000000ebf80000)
 ParOldGen       total 68608K, used 67377K [0x00000000c0000000, 0x00000000c4300000, 0x00000000eab00000)
  object space 68608K, 98% used [0x00000000c0000000,0x00000000c41cc708,0x00000000c4300000)
 Metaspace       used 61669K, committed 62848K, reserved 1114112K
  class space    used 6663K, committed 7168K, reserved 1048576K
}
Event: 16.683 GC heap after
{Heap after GC invocations=45 (full 4):
 PSYoungGen      total 17408K, used 0K [0x00000000eab00000, 0x00000000ebf80000, 0x0000000100000000)
  eden space 13824K, 0% used [0x00000000eab00000,0x00000000eab00000,0x00000000eb880000)
  from space 3584K, 0% used [0x00000000ebc00000,0x00000000ebc00000,0x00000000ebf80000)
  to   space 3584K, 0% used [0x00000000eb880000,0x00000000eb880000,0x00000000ebc00000)
 ParOldGen       total 93184K, used 65241K [0x00000000c0000000, 0x00000000c5b00000, 0x00000000eab00000)
  object space 93184K, 70% used [0x00000000c0000000,0x00000000c3fb6418,0x00000000c5b00000)
 Metaspace       used 61669K, committed 62848K, reserved 1114112K
  class space    used 6663K, committed 7168K, reserved 1048576K
}
Event: 16.752 GC heap before
{Heap before GC invocations=46 (full 4):
 PSYoungGen      total 17408K, used 13824K [0x00000000eab00000, 0x00000000ebf80000, 0x0000000100000000)
  eden space 13824K, 100% used [0x00000000eab00000,0x00000000eb880000,0x00000000eb880000)
  from space 3584K, 0% used [0x00000000ebc00000,0x00000000ebc00000,0x00000000ebf80000)
  to   space 3584K, 0% used [0x00000000eb880000,0x00000000eb880000,0x00000000ebc00000)
 ParOldGen       total 93184K, used 65241K [0x00000000c0000000, 0x00000000c5b00000, 0x00000000eab00000)
  object space 93184K, 70% used [0x00000000c0000000,0x00000000c3fb6418,0x00000000c5b00000)
 Metaspace       used 61838K, committed 63040K, reserved 1114112K
  class space    used 6670K, committed 7168K, reserved 1048576K
}
Event: 16.755 GC heap after
{Heap after GC invocations=46 (full 4):
 PSYoungGen      total 16384K, used 2387K [0x00000000eab00000, 0x00000000ebe80000, 0x0000000100000000)
  eden space 13824K, 0% used [0x00000000eab00000,0x00000000eab00000,0x00000000eb880000)
  from space 2560K, 93% used [0x00000000eb880000,0x00000000ebad4e90,0x00000000ebb00000)
  to   space 3072K, 0% used [0x00000000ebb80000,0x00000000ebb80000,0x00000000ebe80000)
 ParOldGen       total 93184K, used 65249K [0x00000000c0000000, 0x00000000c5b00000, 0x00000000eab00000)
  object space 93184K, 70% used [0x00000000c0000000,0x00000000c3fb8418,0x00000000c5b00000)
 Metaspace       used 61838K, committed 63040K, reserved 1114112K
  class space    used 6670K, committed 7168K, reserved 1048576K
}
Event: 16.815 GC heap before
{Heap before GC invocations=47 (full 4):
 PSYoungGen      total 16384K, used 16211K [0x00000000eab00000, 0x00000000ebe80000, 0x0000000100000000)
  eden space 13824K, 100% used [0x00000000eab00000,0x00000000eb880000,0x00000000eb880000)
  from space 2560K, 93% used [0x00000000eb880000,0x00000000ebad4e90,0x00000000ebb00000)
  to   space 3072K, 0% used [0x00000000ebb80000,0x00000000ebb80000,0x00000000ebe80000)
 ParOldGen       total 93184K, used 65249K [0x00000000c0000000, 0x00000000c5b00000, 0x00000000eab00000)
  object space 93184K, 70% used [0x00000000c0000000,0x00000000c3fb8418,0x00000000c5b00000)
 Metaspace       used 62324K, committed 63488K, reserved 1114112K
  class space    used 6706K, committed 7232K, reserved 1048576K
}
Event: 16.818 GC heap after
{Heap after GC invocations=47 (full 4):
 PSYoungGen      total 16896K, used 2752K [0x00000000eab00000, 0x00000000ebe80000, 0x0000000100000000)
  eden space 13824K, 0% used [0x00000000eab00000,0x00000000eab00000,0x00000000eb880000)
  from space 3072K, 89% used [0x00000000ebb80000,0x00000000ebe302f8,0x00000000ebe80000)
  to   space 3072K, 0% used [0x00000000eb880000,0x00000000eb880000,0x00000000ebb80000)
 ParOldGen       total 93184K, used 67352K [0x00000000c0000000, 0x00000000c5b00000, 0x00000000eab00000)
  object space 93184K, 72% used [0x00000000c0000000,0x00000000c41c6200,0x00000000c5b00000)
 Metaspace       used 62324K, committed 63488K, reserved 1114112K
  class space    used 6706K, committed 7232K, reserved 1048576K
}
Event: 16.842 GC heap before
{Heap before GC invocations=48 (full 4):
 PSYoungGen      total 16896K, used 16576K [0x00000000eab00000, 0x00000000ebe80000, 0x0000000100000000)
  eden space 13824K, 100% used [0x00000000eab00000,0x00000000eb880000,0x00000000eb880000)
  from space 3072K, 89% used [0x00000000ebb80000,0x00000000ebe302f8,0x00000000ebe80000)
  to   space 3072K, 0% used [0x00000000eb880000,0x00000000eb880000,0x00000000ebb80000)
 ParOldGen       total 93184K, used 67352K [0x00000000c0000000, 0x00000000c5b00000, 0x00000000eab00000)
  object space 93184K, 72% used [0x00000000c0000000,0x00000000c41c6200,0x00000000c5b00000)
 Metaspace       used 62374K, committed 63552K, reserved 1114112K
  class space    used 6706K, committed 7232K, reserved 1048576K
}

