# JRE version: OpenJDK Runtime Environment Temurin-17.0.12+7 (17.0.12+7) (build 17.0.12+7)
# Java VM: OpenJDK 64-Bit Server VM Temurin-17.0.12+7 (17.0.12+7, mixed mode, tiered, compressed oops, compressed class ptrs, parallel gc, windows-amd64)
GC Precious Log:
 CPUs: 12 total, 12 available
 Memory: 7860M
 Large Page Support: Disabled
 NUMA Support: Disabled
 Compressed Oops: Enabled (32-bit)
 Alignments: Space 512K, Generation 512K, Heap 2M
 Heap Min Capacity: 100M
 Heap Initial Capacity: 100M
 Heap Max Capacity: 1G
 Pre-touch: Disabled
 Parallel Workers: 10
Heap:
 PSYoungGen      total 19456K, used 15254K [0x00000000eab00000, 0x00000000ec780000, 0x0000000100000000)
  eden space 15872K, 93% used [0x00000000eab00000,0x00000000eb9802e0,0x00000000eba80000)
  from space 3584K, 11% used [0x00000000ec400000,0x00000000ec465710,0x00000000ec780000)
  to   space 6656K, 0% used [0x00000000eba80000,0x00000000eba80000,0x00000000ec100000)
 ParOldGen       total 173568K, used 144033K [0x00000000c0000000, 0x00000000ca980000, 0x00000000eab00000)
  object space 173568K, 82% used [0x00000000c0000000,0x00000000c8ca8680,0x00000000ca980000)
 Metaspace       used 70622K, committed 72000K, reserved 1114112K
  class space    used 7519K, committed 8128K, reserved 1048576K
GC Heap History (20 events):
Event: 61.557 GC heap before
{Heap before GC invocations=71 (full 6):
 PSYoungGen      total 20992K, used 20982K [0x00000000eab00000, 0x00000000ec980000, 0x0000000100000000)
  eden space 15872K, 100% used [0x00000000eab00000,0x00000000eba80000,0x00000000eba80000)
  from space 5120K, 99% used [0x00000000ebb00000,0x00000000ebffdb48,0x00000000ec000000)
  to   space 7680K, 0% used [0x00000000ec200000,0x00000000ec200000,0x00000000ec980000)
 ParOldGen       total 141824K, used 119213K [0x00000000c0000000, 0x00000000c8a80000, 0x00000000eab00000)
  object space 141824K, 84% used [0x00000000c0000000,0x00000000c746b6d8,0x00000000c8a80000)
 Metaspace       used 70622K, committed 72000K, reserved 1114112K
  class space    used 7519K, committed 8128K, reserved 1048576K
}
Event: 61.565 GC heap after
{Heap after GC invocations=71 (full 6):
 PSYoungGen      total 20480K, used 4387K [0x00000000eab00000, 0x00000000ec680000, 0x0000000100000000)
  eden space 15872K, 0% used [0x00000000eab00000,0x00000000eab00000,0x00000000eba80000)
  from space 4608K, 95% used [0x00000000ec200000,0x00000000ec648c08,0x00000000ec680000)
  to   space 5632K, 0% used [0x00000000ebb80000,0x00000000ebb80000,0x00000000ec100000)
 ParOldGen       total 141824K, used 122556K [0x00000000c0000000, 0x00000000c8a80000, 0x00000000eab00000)
  object space 141824K, 86% used [0x00000000c0000000,0x00000000c77af098,0x00000000c8a80000)
 Metaspace       used 70622K, committed 72000K, reserved 1114112K
  class space    used 7519K, committed 8128K, reserved 1048576K
}
Event: 61.708 GC heap before
{Heap before GC invocations=72 (full 6):
 PSYoungGen      total 20480K, used 20259K [0x00000000eab00000, 0x00000000ec680000, 0x0000000100000000)
  eden space 15872K, 100% used [0x00000000eab00000,0x00000000eba80000,0x00000000eba80000)
  from space 4608K, 95% used [0x00000000ec200000,0x00000000ec648c08,0x00000000ec680000)
  to   space 5632K, 0% used [0x00000000ebb80000,0x00000000ebb80000,0x00000000ec100000)
 ParOldGen       total 141824K, used 122556K [0x00000000c0000000, 0x00000000c8a80000, 0x00000000eab00000)
  object space 141824K, 86% used [0x00000000c0000000,0x00000000c77af098,0x00000000c8a80000)
 Metaspace       used 70622K, committed 72000K, reserved 1114112K
  class space    used 7519K, committed 8128K, reserved 1048576K
}
Event: 61.715 GC heap after
{Heap after GC invocations=72 (full 6):
 PSYoungGen      total 21504K, used 5627K [0x00000000eab00000, 0x00000000ec880000, 0x0000000100000000)
  eden space 15872K, 0% used [0x00000000eab00000,0x00000000eab00000,0x00000000eba80000)
  from space 5632K, 99% used [0x00000000ebb80000,0x00000000ec0fece8,0x00000000ec100000)
  to   space 7168K, 0% used [0x00000000ec180000,0x00000000ec180000,0x00000000ec880000)
 ParOldGen       total 141824K, used 123565K [0x00000000c0000000, 0x00000000c8a80000, 0x00000000eab00000)
  object space 141824K, 87% used [0x00000000c0000000,0x00000000c78ab568,0x00000000c8a80000)
 Metaspace       used 70622K, committed 72000K, reserved 1114112K
  class space    used 7519K, committed 8128K, reserved 1048576K
}
Event: 61.865 GC heap before
{Heap before GC invocations=73 (full 6):
 PSYoungGen      total 21504K, used 21499K [0x00000000eab00000, 0x00000000ec880000, 0x0000000100000000)
  eden space 15872K, 100% used [0x00000000eab00000,0x00000000eba80000,0x00000000eba80000)
  from space 5632K, 99% used [0x00000000ebb80000,0x00000000ec0fece8,0x00000000ec100000)
  to   space 7168K, 0% used [0x00000000ec180000,0x00000000ec180000,0x00000000ec880000)
 ParOldGen       total 141824K, used 123565K [0x00000000c0000000, 0x00000000c8a80000, 0x00000000eab00000)
  object space 141824K, 87% used [0x00000000c0000000,0x00000000c78ab568,0x00000000c8a80000)
 Metaspace       used 70622K, committed 72000K, reserved 1114112K
  class space    used 7519K, committed 8128K, reserved 1048576K
}
Event: 61.874 GC heap after
{Heap after GC invocations=73 (full 6):
 PSYoungGen      total 20992K, used 4777K [0x00000000eab00000, 0x00000000ec680000, 0x0000000100000000)
  eden space 15872K, 0% used [0x00000000eab00000,0x00000000eab00000,0x00000000eba80000)
  from space 5120K, 93% used [0x00000000ec180000,0x00000000ec62a5c8,0x00000000ec680000)
  to   space 5632K, 0% used [0x00000000ebb80000,0x00000000ebb80000,0x00000000ec100000)
 ParOldGen       total 141824K, used 127036K [0x00000000c0000000, 0x00000000c8a80000, 0x00000000eab00000)
  object space 141824K, 89% used [0x00000000c0000000,0x00000000c7c0f398,0x00000000c8a80000)
 Metaspace       used 70622K, committed 72000K, reserved 1114112K
  class space    used 7519K, committed 8128K, reserved 1048576K
}
Event: 62.120 GC heap before
{Heap before GC invocations=74 (full 6):
 PSYoungGen      total 20992K, used 20649K [0x00000000eab00000, 0x00000000ec680000, 0x0000000100000000)
  eden space 15872K, 100% used [0x00000000eab00000,0x00000000eba80000,0x00000000eba80000)
  from space 5120K, 93% used [0x00000000ec180000,0x00000000ec62a5c8,0x00000000ec680000)
  to   space 5632K, 0% used [0x00000000ebb80000,0x00000000ebb80000,0x00000000ec100000)
 ParOldGen       total 141824K, used 127036K [0x00000000c0000000, 0x00000000c8a80000, 0x00000000eab00000)
  object space 141824K, 89% used [0x00000000c0000000,0x00000000c7c0f398,0x00000000c8a80000)
 Metaspace       used 70622K, committed 72000K, reserved 1114112K
  class space    used 7519K, committed 8128K, reserved 1048576K
}
Event: 62.126 GC heap after
{Heap after GC invocations=74 (full 6):
 PSYoungGen      total 21504K, used 5629K [0x00000000eab00000, 0x00000000ec980000, 0x0000000100000000)
  eden space 15872K, 0% used [0x00000000eab00000,0x00000000eab00000,0x00000000eba80000)
  from space 5632K, 99% used [0x00000000ebb80000,0x00000000ec0ff588,0x00000000ec100000)
  to   space 7680K, 0% used [0x00000000ec200000,0x00000000ec200000,0x00000000ec980000)
 ParOldGen       total 141824K, used 128580K [0x00000000c0000000, 0x00000000c8a80000, 0x00000000eab00000)
  object space 141824K, 90% used [0x00000000c0000000,0x00000000c7d910a0,0x00000000c8a80000)
 Metaspace       used 70622K, committed 72000K, reserved 1114112K
  class space    used 7519K, committed 8128K, reserved 1048576K
}
Event: 62.272 GC heap before
{Heap before GC invocations=75 (full 6):
 PSYoungGen      total 21504K, used 21491K [0x00000000eab00000, 0x00000000ec980000, 0x0000000100000000)
  eden space 15872K, 99% used [0x00000000eab00000,0x00000000eba7d790,0x00000000eba80000)
  from space 5632K, 99% used [0x00000000ebb80000,0x00000000ec0ff588,0x00000000ec100000)
  to   space 7680K, 0% used [0x00000000ec200000,0x00000000ec200000,0x00000000ec980000)
 ParOldGen       total 141824K, used 128580K [0x00000000c0000000, 0x00000000c8a80000, 0x00000000eab00000)
  object space 141824K, 90% used [0x00000000c0000000,0x00000000c7d910a0,0x00000000c8a80000)
 Metaspace       used 70622K, committed 72000K, reserved 1114112K
  class space    used 7519K, committed 8128K, reserved 1048576K
}
Event: 62.278 GC heap after
{Heap after GC invocations=75 (full 6):
 PSYoungGen      total 20992K, used 4810K [0x00000000eab00000, 0x00000000ec700000, 0x0000000100000000)
  eden space 15872K, 0% used [0x00000000eab00000,0x00000000eab00000,0x00000000eba80000)
  from space 5120K, 93% used [0x00000000ec200000,0x00000000ec6b29b8,0x00000000ec700000)
  to   space 6144K, 0% used [0x00000000ebb00000,0x00000000ebb00000,0x00000000ec100000)
 ParOldGen       total 141824K, used 132174K [0x00000000c0000000, 0x00000000c8a80000, 0x00000000eab00000)
  object space 141824K, 93% used [0x00000000c0000000,0x00000000c8113b38,0x00000000c8a80000)
 Metaspace       used 70622K, committed 72000K, reserved 1114112K
  class space    used 7519K, committed 8128K, reserved 1048576K
}
Event: 62.424 GC heap before
{Heap before GC invocations=76 (full 6):
 PSYoungGen      total 20992K, used 20682K [0x00000000eab00000, 0x00000000ec700000, 0x0000000100000000)
  eden space 15872K, 100% used [0x00000000eab00000,0x00000000eba80000,0x00000000eba80000)
  from space 5120K, 93% used [0x00000000ec200000,0x00000000ec6b29b8,0x00000000ec700000)
  to   space 6144K, 0% used [0x00000000ebb00000,0x00000000ebb00000,0x00000000ec100000)
 ParOldGen       total 141824K, used 132174K [0x00000000c0000000, 0x00000000c8a80000, 0x00000000eab00000)
  object space 141824K, 93% used [0x00000000c0000000,0x00000000c8113b38,0x00000000c8a80000)
 Metaspace       used 70622K, committed 72000K, reserved 1114112K
  class space    used 7519K, committed 8128K, reserved 1048576K
}
Event: 62.430 GC heap after
{Heap after GC invocations=76 (full 6):
 PSYoungGen      total 22016K, used 6138K [0x00000000eab00000, 0x00000000ec980000, 0x0000000100000000)
  eden space 15872K, 0% used [0x00000000eab00000,0x00000000eab00000,0x00000000eba80000)
  from space 6144K, 99% used [0x00000000ebb00000,0x00000000ec0fe870,0x00000000ec100000)
  to   space 7680K, 0% used [0x00000000ec200000,0x00000000ec200000,0x00000000ec980000)
 ParOldGen       total 141824K, used 133264K [0x00000000c0000000, 0x00000000c8a80000, 0x00000000eab00000)
  object space 141824K, 93% used [0x00000000c0000000,0x00000000c8224120,0x00000000c8a80000)
 Metaspace       used 70622K, committed 72000K, reserved 1114112K
  class space    used 7519K, committed 8128K, reserved 1048576K
}
Event: 62.753 GC heap before
{Heap before GC invocations=77 (full 6):
 PSYoungGen      total 22016K, used 22010K [0x00000000eab00000, 0x00000000ec980000, 0x0000000100000000)
  eden space 15872K, 100% used [0x00000000eab00000,0x00000000eba80000,0x00000000eba80000)
  from space 6144K, 99% used [0x00000000ebb00000,0x00000000ec0fe870,0x00000000ec100000)
  to   space 7680K, 0% used [0x00000000ec200000,0x00000000ec200000,0x00000000ec980000)
 ParOldGen       total 141824K, used 133264K [0x00000000c0000000, 0x00000000c8a80000, 0x00000000eab00000)
  object space 141824K, 93% used [0x00000000c0000000,0x00000000c8224120,0x00000000c8a80000)
 Metaspace       used 70622K, committed 72000K, reserved 1114112K
  class space    used 7519K, committed 8128K, reserved 1048576K
}
Event: 62.766 GC heap after
{Heap after GC invocations=77 (full 6):
 PSYoungGen      total 22528K, used 6510K [0x00000000eab00000, 0x00000000ec880000, 0x0000000100000000)
  eden space 15872K, 0% used [0x00000000eab00000,0x00000000eab00000,0x00000000eba80000)
  from space 6656K, 97% used [0x00000000ec200000,0x00000000ec85bae8,0x00000000ec880000)
  to   space 7168K, 0% used [0x00000000eba80000,0x00000000eba80000,0x00000000ec180000)
 ParOldGen       total 141824K, used 137111K [0x00000000c0000000, 0x00000000c8a80000, 0x00000000eab00000)
  object space 141824K, 96% used [0x00000000c0000000,0x00000000c85e5da0,0x00000000c8a80000)
 Metaspace       used 70622K, committed 72000K, reserved 1114112K
  class space    used 7519K, committed 8128K, reserved 1048576K
}
Event: 62.953 GC heap before
{Heap before GC invocations=78 (full 6):
 PSYoungGen      total 22528K, used 22382K [0x00000000eab00000, 0x00000000ec880000, 0x0000000100000000)
  eden space 15872K, 100% used [0x00000000eab00000,0x00000000eba80000,0x00000000eba80000)
  from space 6656K, 97% used [0x00000000ec200000,0x00000000ec85bae8,0x00000000ec880000)
  to   space 7168K, 0% used [0x00000000eba80000,0x00000000eba80000,0x00000000ec180000)
 ParOldGen       total 141824K, used 137111K [0x00000000c0000000, 0x00000000c8a80000, 0x00000000eab00000)
  object space 141824K, 96% used [0x00000000c0000000,0x00000000c85e5da0,0x00000000c8a80000)
 Metaspace       used 70622K, committed 72000K, reserved 1114112K
  class space    used 7519K, committed 8128K, reserved 1048576K
}
Event: 62.964 GC heap after
{Heap after GC invocations=78 (full 6):
 PSYoungGen      total 23040K, used 7150K [0x00000000eab00000, 0x00000000ecd80000, 0x0000000100000000)
  eden space 15872K, 0% used [0x00000000eab00000,0x00000000eab00000,0x00000000eba80000)
  from space 7168K, 99% used [0x00000000eba80000,0x00000000ec17b8e8,0x00000000ec180000)
  to   space 9728K, 0% used [0x00000000ec400000,0x00000000ec400000,0x00000000ecd80000)
 ParOldGen       total 141824K, used 138918K [0x00000000c0000000, 0x00000000c8a80000, 0x00000000eab00000)
  object space 141824K, 97% used [0x00000000c0000000,0x00000000c87a9bb8,0x00000000c8a80000)
 Metaspace       used 70622K, committed 72000K, reserved 1114112K
  class space    used 7519K, committed 8128K, reserved 1048576K
}
Event: 63.142 GC heap before
{Heap before GC invocations=79 (full 6):
 PSYoungGen      total 23040K, used 23022K [0x00000000eab00000, 0x00000000ecd80000, 0x0000000100000000)
  eden space 15872K, 100% used [0x00000000eab00000,0x00000000eba80000,0x00000000eba80000)
  from space 7168K, 99% used [0x00000000eba80000,0x00000000ec17b8e8,0x00000000ec180000)
  to   space 9728K, 0% used [0x00000000ec400000,0x00000000ec400000,0x00000000ecd80000)
 ParOldGen       total 141824K, used 138918K [0x00000000c0000000, 0x00000000c8a80000, 0x00000000eab00000)
  object space 141824K, 97% used [0x00000000c0000000,0x00000000c87a9bb8,0x00000000c8a80000)
 Metaspace       used 70622K, committed 72000K, reserved 1114112K
  class space    used 7519K, committed 8128K, reserved 1048576K
}
Event: 63.156 GC heap after
{Heap after GC invocations=79 (full 6):
 PSYoungGen      total 20992K, used 4617K [0x00000000eab00000, 0x00000000ec900000, 0x0000000100000000)
  eden space 15872K, 0% used [0x00000000eab00000,0x00000000eab00000,0x00000000eba80000)
  from space 5120K, 90% used [0x00000000ec400000,0x00000000ec882540,0x00000000ec900000)
  to   space 6656K, 0% used [0x00000000ebc00000,0x00000000ebc00000,0x00000000ec280000)
 ParOldGen       total 144384K, used 144044K [0x00000000c0000000, 0x00000000c8d00000, 0x00000000eab00000)
  object space 144384K, 99% used [0x00000000c0000000,0x00000000c8cab0f8,0x00000000c8d00000)
 Metaspace       used 70622K, committed 72000K, reserved 1114112K
  class space    used 7519K, committed 8128K, reserved 1048576K
}
Event: 63.156 GC heap before
{Heap before GC invocations=80 (full 7):
 PSYoungGen      total 20992K, used 4617K [0x00000000eab00000, 0x00000000ec900000, 0x0000000100000000)
  eden space 15872K, 0% used [0x00000000eab00000,0x00000000eab00000,0x00000000eba80000)
  from space 5120K, 90% used [0x00000000ec400000,0x00000000ec882540,0x00000000ec900000)
  to   space 6656K, 0% used [0x00000000ebc00000,0x00000000ebc00000,0x00000000ec280000)
 ParOldGen       total 144384K, used 144044K [0x00000000c0000000, 0x00000000c8d00000, 0x00000000eab00000)
  object space 144384K, 99% used [0x00000000c0000000,0x00000000c8cab0f8,0x00000000c8d00000)
 Metaspace       used 70622K, committed 72000K, reserved 1114112K
  class space    used 7519K, committed 8128K, reserved 1048576K
}
Event: 63.391 GC heap after
{Heap after GC invocations=80 (full 7):
 PSYoungGen      total 19456K, used 405K [0x00000000eab00000, 0x00000000ec780000, 0x0000000100000000)
  eden space 15872K, 0% used [0x00000000eab00000,0x00000000eab00000,0x00000000eba80000)
  from space 3584K, 11% used [0x00000000ec400000,0x00000000ec465710,0x00000000ec780000)
  to   space 6656K, 0% used [0x00000000eba80000,0x00000000eba80000,0x00000000ec100000)
 ParOldGen       total 173568K, used 144033K [0x00000000c0000000, 0x00000000ca980000, 0x00000000eab00000)
  object space 173568K, 82% used [0x00000000c0000000,0x00000000c8ca8680,0x00000000ca980000)
 Metaspace       used 70622K, committed 72000K, reserved 1114112K
  class space    used 7519K, committed 8128K, reserved 1048576K
}

