# JRE version: OpenJDK Runtime Environment Temurin-17.0.13+11 (17.0.13+11) (build 17.0.13+11)
# Java VM: OpenJDK 64-Bit Server VM Temurin-17.0.13+11 (17.0.13+11, mixed mode, tiered, compressed oops, compressed class ptrs, parallel gc, windows-amd64)
GC Precious Log:
 CPUs: 12 total, 12 available
 Memory: 7860M
 Large Page Support: Disabled
 NUMA Support: Disabled
 Compressed Oops: Enabled (32-bit)
 Alignments: Space 512K, Generation 512K, Heap 2M
 Heap Min Capacity: 100M
 Heap Initial Capacity: 100M
 Heap Max Capacity: 1G
 Pre-touch: Disabled
 Parallel Workers: 10
Heap:
 PSYoungGen      total 22528K, used 12295K [0x00000000eab00000, 0x00000000ec800000, 0x0000000100000000)
  eden space 18944K, 46% used [0x00000000eab00000,0x00000000eb383208,0x00000000ebd80000)
  from space 3584K, 99% used [0x00000000ec480000,0x00000000ec7feb28,0x00000000ec800000)
  to   space 4608K, 0% used [0x00000000ebf00000,0x00000000ebf00000,0x00000000ec380000)
 ParOldGen       total 68608K, used 43908K [0x00000000c0000000, 0x00000000c4300000, 0x00000000eab00000)
  object space 68608K, 63% used [0x00000000c0000000,0x00000000c2ae1220,0x00000000c4300000)
 Metaspace       used 51800K, committed 52608K, reserved 1114112K
  class space    used 5150K, committed 5504K, reserved 1048576K
GC Heap History (20 events):
Event: 19.943 GC heap before
{Heap before GC invocations=21 (full 2):
 PSYoungGen      total 23040K, used 22944K [0x00000000eab00000, 0x00000000ec380000, 0x0000000100000000)
  eden space 21504K, 100% used [0x00000000eab00000,0x00000000ec000000,0x00000000ec000000)
  from space 1536K, 93% used [0x00000000ec200000,0x00000000ec368030,0x00000000ec380000)
  to   space 1536K, 0% used [0x00000000ec000000,0x00000000ec000000,0x00000000ec180000)
 ParOldGen       total 68608K, used 23273K [0x00000000c0000000, 0x00000000c4300000, 0x00000000eab00000)
  object space 68608K, 33% used [0x00000000c0000000,0x00000000c16ba7f8,0x00000000c4300000)
 Metaspace       used 47129K, committed 47808K, reserved 1114112K
  class space    used 4772K, committed 5120K, reserved 1048576K
}
Event: 19.945 GC heap after
{Heap after GC invocations=21 (full 2):
 PSYoungGen      total 23040K, used 1421K [0x00000000eab00000, 0x00000000ec300000, 0x0000000100000000)
  eden space 21504K, 0% used [0x00000000eab00000,0x00000000eab00000,0x00000000ec000000)
  from space 1536K, 92% used [0x00000000ec000000,0x00000000ec163680,0x00000000ec180000)
  to   space 1536K, 0% used [0x00000000ec180000,0x00000000ec180000,0x00000000ec300000)
 ParOldGen       total 68608K, used 24486K [0x00000000c0000000, 0x00000000c4300000, 0x00000000eab00000)
  object space 68608K, 35% used [0x00000000c0000000,0x00000000c17e9828,0x00000000c4300000)
 Metaspace       used 47129K, committed 47808K, reserved 1114112K
  class space    used 4772K, committed 5120K, reserved 1048576K
}
Event: 20.251 GC heap before
{Heap before GC invocations=22 (full 2):
 PSYoungGen      total 23040K, used 22925K [0x00000000eab00000, 0x00000000ec300000, 0x0000000100000000)
  eden space 21504K, 100% used [0x00000000eab00000,0x00000000ec000000,0x00000000ec000000)
  from space 1536K, 92% used [0x00000000ec000000,0x00000000ec163680,0x00000000ec180000)
  to   space 1536K, 0% used [0x00000000ec180000,0x00000000ec180000,0x00000000ec300000)
 ParOldGen       total 68608K, used 24486K [0x00000000c0000000, 0x00000000c4300000, 0x00000000eab00000)
  object space 68608K, 35% used [0x00000000c0000000,0x00000000c17e9828,0x00000000c4300000)
 Metaspace       used 47842K, committed 48640K, reserved 1114112K
  class space    used 4856K, committed 5248K, reserved 1048576K
}
Event: 20.255 GC heap after
{Heap after GC invocations=22 (full 2):
 PSYoungGen      total 23040K, used 1312K [0x00000000eab00000, 0x00000000ec300000, 0x0000000100000000)
  eden space 21504K, 0% used [0x00000000eab00000,0x00000000eab00000,0x00000000ec000000)
  from space 1536K, 85% used [0x00000000ec180000,0x00000000ec2c8020,0x00000000ec300000)
  to   space 1536K, 0% used [0x00000000ec000000,0x00000000ec000000,0x00000000ec180000)
 ParOldGen       total 68608K, used 25547K [0x00000000c0000000, 0x00000000c4300000, 0x00000000eab00000)
  object space 68608K, 37% used [0x00000000c0000000,0x00000000c18f2df0,0x00000000c4300000)
 Metaspace       used 47842K, committed 48640K, reserved 1114112K
  class space    used 4856K, committed 5248K, reserved 1048576K
}
Event: 20.291 GC heap before
{Heap before GC invocations=23 (full 2):
 PSYoungGen      total 23040K, used 22816K [0x00000000eab00000, 0x00000000ec300000, 0x0000000100000000)
  eden space 21504K, 100% used [0x00000000eab00000,0x00000000ec000000,0x00000000ec000000)
  from space 1536K, 85% used [0x00000000ec180000,0x00000000ec2c8020,0x00000000ec300000)
  to   space 1536K, 0% used [0x00000000ec000000,0x00000000ec000000,0x00000000ec180000)
 ParOldGen       total 68608K, used 25547K [0x00000000c0000000, 0x00000000c4300000, 0x00000000eab00000)
  object space 68608K, 37% used [0x00000000c0000000,0x00000000c18f2df0,0x00000000c4300000)
 Metaspace       used 47843K, committed 48640K, reserved 1114112K
  class space    used 4856K, committed 5248K, reserved 1048576K
}
Event: 20.294 GC heap after
{Heap after GC invocations=23 (full 2):
 PSYoungGen      total 23040K, used 1536K [0x00000000eab00000, 0x00000000ec700000, 0x0000000100000000)
  eden space 21504K, 0% used [0x00000000eab00000,0x00000000eab00000,0x00000000ec000000)
  from space 1536K, 100% used [0x00000000ec000000,0x00000000ec180000,0x00000000ec180000)
  to   space 3584K, 0% used [0x00000000ec380000,0x00000000ec380000,0x00000000ec700000)
 ParOldGen       total 68608K, used 26908K [0x00000000c0000000, 0x00000000c4300000, 0x00000000eab00000)
  object space 68608K, 39% used [0x00000000c0000000,0x00000000c1a47290,0x00000000c4300000)
 Metaspace       used 47843K, committed 48640K, reserved 1114112K
  class space    used 4856K, committed 5248K, reserved 1048576K
}
Event: 20.345 GC heap before
{Heap before GC invocations=24 (full 2):
 PSYoungGen      total 23040K, used 23040K [0x00000000eab00000, 0x00000000ec700000, 0x0000000100000000)
  eden space 21504K, 100% used [0x00000000eab00000,0x00000000ec000000,0x00000000ec000000)
  from space 1536K, 100% used [0x00000000ec000000,0x00000000ec180000,0x00000000ec180000)
  to   space 3584K, 0% used [0x00000000ec380000,0x00000000ec380000,0x00000000ec700000)
 ParOldGen       total 68608K, used 26908K [0x00000000c0000000, 0x00000000c4300000, 0x00000000eab00000)
  object space 68608K, 39% used [0x00000000c0000000,0x00000000c1a47290,0x00000000c4300000)
 Metaspace       used 48014K, committed 48768K, reserved 1114112K
  class space    used 4866K, committed 5248K, reserved 1048576K
}
Event: 20.348 GC heap after
{Heap after GC invocations=24 (full 2):
 PSYoungGen      total 24064K, used 2272K [0x00000000eab00000, 0x00000000ec600000, 0x0000000100000000)
  eden space 21504K, 0% used [0x00000000eab00000,0x00000000eab00000,0x00000000ec000000)
  from space 2560K, 88% used [0x00000000ec380000,0x00000000ec5b80e8,0x00000000ec600000)
  to   space 2560K, 0% used [0x00000000ec100000,0x00000000ec100000,0x00000000ec380000)
 ParOldGen       total 68608K, used 28476K [0x00000000c0000000, 0x00000000c4300000, 0x00000000eab00000)
  object space 68608K, 41% used [0x00000000c0000000,0x00000000c1bcf290,0x00000000c4300000)
 Metaspace       used 48014K, committed 48768K, reserved 1114112K
  class space    used 4866K, committed 5248K, reserved 1048576K
}
Event: 20.399 GC heap before
{Heap before GC invocations=25 (full 2):
 PSYoungGen      total 24064K, used 23776K [0x00000000eab00000, 0x00000000ec600000, 0x0000000100000000)
  eden space 21504K, 100% used [0x00000000eab00000,0x00000000ec000000,0x00000000ec000000)
  from space 2560K, 88% used [0x00000000ec380000,0x00000000ec5b80e8,0x00000000ec600000)
  to   space 2560K, 0% used [0x00000000ec100000,0x00000000ec100000,0x00000000ec380000)
 ParOldGen       total 68608K, used 28476K [0x00000000c0000000, 0x00000000c4300000, 0x00000000eab00000)
  object space 68608K, 41% used [0x00000000c0000000,0x00000000c1bcf290,0x00000000c4300000)
 Metaspace       used 48014K, committed 48768K, reserved 1114112K
  class space    used 4866K, committed 5248K, reserved 1048576K
}
Event: 20.403 GC heap after
{Heap after GC invocations=25 (full 2):
 PSYoungGen      total 23040K, used 1536K [0x00000000eab00000, 0x00000000ec400000, 0x0000000100000000)
  eden space 21504K, 0% used [0x00000000eab00000,0x00000000eab00000,0x00000000ec000000)
  from space 1536K, 100% used [0x00000000ec100000,0x00000000ec280000,0x00000000ec280000)
  to   space 1536K, 0% used [0x00000000ec280000,0x00000000ec280000,0x00000000ec400000)
 ParOldGen       total 68608K, used 30627K [0x00000000c0000000, 0x00000000c4300000, 0x00000000eab00000)
  object space 68608K, 44% used [0x00000000c0000000,0x00000000c1de8ee0,0x00000000c4300000)
 Metaspace       used 48014K, committed 48768K, reserved 1114112K
  class space    used 4866K, committed 5248K, reserved 1048576K
}
Event: 20.927 GC heap before
{Heap before GC invocations=26 (full 2):
 PSYoungGen      total 23040K, used 23039K [0x00000000eab00000, 0x00000000ec400000, 0x0000000100000000)
  eden space 21504K, 99% used [0x00000000eab00000,0x00000000ebfffff8,0x00000000ec000000)
  from space 1536K, 100% used [0x00000000ec100000,0x00000000ec280000,0x00000000ec280000)
  to   space 1536K, 0% used [0x00000000ec280000,0x00000000ec280000,0x00000000ec400000)
 ParOldGen       total 68608K, used 30627K [0x00000000c0000000, 0x00000000c4300000, 0x00000000eab00000)
  object space 68608K, 44% used [0x00000000c0000000,0x00000000c1de8ee0,0x00000000c4300000)
 Metaspace       used 50095K, committed 51008K, reserved 1114112K
  class space    used 5077K, committed 5504K, reserved 1048576K
}
Event: 20.930 GC heap after
{Heap after GC invocations=26 (full 2):
 PSYoungGen      total 20480K, used 1511K [0x00000000eab00000, 0x00000000eca00000, 0x0000000100000000)
  eden space 18944K, 0% used [0x00000000eab00000,0x00000000eab00000,0x00000000ebd80000)
  from space 1536K, 98% used [0x00000000ec280000,0x00000000ec3f9d38,0x00000000ec400000)
  to   space 5120K, 0% used [0x00000000ebd80000,0x00000000ebd80000,0x00000000ec280000)
 ParOldGen       total 68608K, used 33585K [0x00000000c0000000, 0x00000000c4300000, 0x00000000eab00000)
  object space 68608K, 48% used [0x00000000c0000000,0x00000000c20cc590,0x00000000c4300000)
 Metaspace       used 50095K, committed 51008K, reserved 1114112K
  class space    used 5077K, committed 5504K, reserved 1048576K
}
Event: 21.008 GC heap before
{Heap before GC invocations=27 (full 2):
 PSYoungGen      total 20480K, used 20455K [0x00000000eab00000, 0x00000000eca00000, 0x0000000100000000)
  eden space 18944K, 100% used [0x00000000eab00000,0x00000000ebd80000,0x00000000ebd80000)
  from space 1536K, 98% used [0x00000000ec280000,0x00000000ec3f9d38,0x00000000ec400000)
  to   space 5120K, 0% used [0x00000000ebd80000,0x00000000ebd80000,0x00000000ec280000)
 ParOldGen       total 68608K, used 33585K [0x00000000c0000000, 0x00000000c4300000, 0x00000000eab00000)
  object space 68608K, 48% used [0x00000000c0000000,0x00000000c20cc590,0x00000000c4300000)
 Metaspace       used 50199K, committed 51072K, reserved 1114112K
  class space    used 5079K, committed 5504K, reserved 1048576K
}
Event: 21.011 GC heap after
{Heap after GC invocations=27 (full 2):
 PSYoungGen      total 22016K, used 2922K [0x00000000eab00000, 0x00000000ec480000, 0x0000000100000000)
  eden space 18944K, 0% used [0x00000000eab00000,0x00000000eab00000,0x00000000ebd80000)
  from space 3072K, 95% used [0x00000000ebd80000,0x00000000ec05aa68,0x00000000ec080000)
  to   space 3584K, 0% used [0x00000000ec100000,0x00000000ec100000,0x00000000ec480000)
 ParOldGen       total 68608K, used 35115K [0x00000000c0000000, 0x00000000c4300000, 0x00000000eab00000)
  object space 68608K, 51% used [0x00000000c0000000,0x00000000c224ae88,0x00000000c4300000)
 Metaspace       used 50199K, committed 51072K, reserved 1114112K
  class space    used 5079K, committed 5504K, reserved 1048576K
}
Event: 21.119 GC heap before
{Heap before GC invocations=28 (full 2):
 PSYoungGen      total 22016K, used 21866K [0x00000000eab00000, 0x00000000ec480000, 0x0000000100000000)
  eden space 18944K, 100% used [0x00000000eab00000,0x00000000ebd80000,0x00000000ebd80000)
  from space 3072K, 95% used [0x00000000ebd80000,0x00000000ec05aa68,0x00000000ec080000)
  to   space 3584K, 0% used [0x00000000ec100000,0x00000000ec100000,0x00000000ec480000)
 ParOldGen       total 68608K, used 35115K [0x00000000c0000000, 0x00000000c4300000, 0x00000000eab00000)
  object space 68608K, 51% used [0x00000000c0000000,0x00000000c224ae88,0x00000000c4300000)
 Metaspace       used 50559K, committed 51456K, reserved 1114112K
  class space    used 5100K, committed 5504K, reserved 1048576K
}
Event: 21.122 GC heap after
{Heap after GC invocations=28 (full 2):
 PSYoungGen      total 21504K, used 2438K [0x00000000eab00000, 0x00000000ec380000, 0x0000000100000000)
  eden space 18944K, 0% used [0x00000000eab00000,0x00000000eab00000,0x00000000ebd80000)
  from space 2560K, 95% used [0x00000000ec100000,0x00000000ec361bb0,0x00000000ec380000)
  to   space 3072K, 0% used [0x00000000ebd80000,0x00000000ebd80000,0x00000000ec080000)
 ParOldGen       total 68608K, used 37841K [0x00000000c0000000, 0x00000000c4300000, 0x00000000eab00000)
  object space 68608K, 55% used [0x00000000c0000000,0x00000000c24f4788,0x00000000c4300000)
 Metaspace       used 50559K, committed 51456K, reserved 1114112K
  class space    used 5100K, committed 5504K, reserved 1048576K
}
Event: 21.333 GC heap before
{Heap before GC invocations=29 (full 2):
 PSYoungGen      total 21504K, used 21382K [0x00000000eab00000, 0x00000000ec380000, 0x0000000100000000)
  eden space 18944K, 100% used [0x00000000eab00000,0x00000000ebd80000,0x00000000ebd80000)
  from space 2560K, 95% used [0x00000000ec100000,0x00000000ec361bb0,0x00000000ec380000)
  to   space 3072K, 0% used [0x00000000ebd80000,0x00000000ebd80000,0x00000000ec080000)
 ParOldGen       total 68608K, used 37841K [0x00000000c0000000, 0x00000000c4300000, 0x00000000eab00000)
  object space 68608K, 55% used [0x00000000c0000000,0x00000000c24f4788,0x00000000c4300000)
 Metaspace       used 51165K, committed 52032K, reserved 1114112K
  class space    used 5132K, committed 5504K, reserved 1048576K
}
Event: 21.337 GC heap after
{Heap after GC invocations=29 (full 2):
 PSYoungGen      total 22016K, used 3046K [0x00000000eab00000, 0x00000000ecb80000, 0x0000000100000000)
  eden space 18944K, 0% used [0x00000000eab00000,0x00000000eab00000,0x00000000ebd80000)
  from space 3072K, 99% used [0x00000000ebd80000,0x00000000ec079bb0,0x00000000ec080000)
  to   space 7168K, 0% used [0x00000000ec480000,0x00000000ec480000,0x00000000ecb80000)
 ParOldGen       total 68608K, used 40976K [0x00000000c0000000, 0x00000000c4300000, 0x00000000eab00000)
  object space 68608K, 59% used [0x00000000c0000000,0x00000000c28040e8,0x00000000c4300000)
 Metaspace       used 51165K, committed 52032K, reserved 1114112K
  class space    used 5132K, committed 5504K, reserved 1048576K
}
Event: 21.747 GC heap before
{Heap before GC invocations=30 (full 2):
 PSYoungGen      total 22016K, used 21990K [0x00000000eab00000, 0x00000000ecb80000, 0x0000000100000000)
  eden space 18944K, 100% used [0x00000000eab00000,0x00000000ebd80000,0x00000000ebd80000)
  from space 3072K, 99% used [0x00000000ebd80000,0x00000000ec079bb0,0x00000000ec080000)
  to   space 7168K, 0% used [0x00000000ec480000,0x00000000ec480000,0x00000000ecb80000)
 ParOldGen       total 68608K, used 40976K [0x00000000c0000000, 0x00000000c4300000, 0x00000000eab00000)
  object space 68608K, 59% used [0x00000000c0000000,0x00000000c28040e8,0x00000000c4300000)
 Metaspace       used 51784K, committed 52608K, reserved 1114112K
  class space    used 5150K, committed 5504K, reserved 1048576K
}
Event: 21.753 GC heap after
{Heap after GC invocations=30 (full 2):
 PSYoungGen      total 22528K, used 3578K [0x00000000eab00000, 0x00000000ec800000, 0x0000000100000000)
  eden space 18944K, 0% used [0x00000000eab00000,0x00000000eab00000,0x00000000ebd80000)
  from space 3584K, 99% used [0x00000000ec480000,0x00000000ec7feb28,0x00000000ec800000)
  to   space 4608K, 0% used [0x00000000ebf00000,0x00000000ebf00000,0x00000000ec380000)
 ParOldGen       total 68608K, used 43908K [0x00000000c0000000, 0x00000000c4300000, 0x00000000eab00000)
  object space 68608K, 63% used [0x00000000c0000000,0x00000000c2ae1220,0x00000000c4300000)
 Metaspace       used 51784K, committed 52608K, reserved 1114112K
  class space    used 5150K, committed 5504K, reserved 1048576K
}

