# JRE version: OpenJDK Runtime Environment Temurin-17.0.13+11 (17.0.13+11) (build 17.0.13+11)
# Java VM: OpenJDK 64-Bit Server VM Temurin-17.0.13+11 (17.0.13+11, mixed mode, tiered, compressed oops, compressed class ptrs, parallel gc, windows-amd64)
GC Precious Log:
 CPUs: 12 total, 12 available
 Memory: 7860M
 Large Page Support: Disabled
 NUMA Support: Disabled
 Compressed Oops: Enabled (32-bit)
 Alignments: Space 512K, Generation 512K, Heap 2M
 Heap Min Capacity: 100M
 Heap Initial Capacity: 100M
 Heap Max Capacity: 1G
 Pre-touch: Disabled
 Parallel Workers: 10
Heap:
 PSYoungGen      total 23040K, used 22419K [0x00000000eab00000, 0x00000000ec580000, 0x0000000100000000)
  eden space 19968K, 99% used [0x00000000eab00000,0x00000000ebe566b0,0x00000000ebe80000)
  from space 3072K, 85% used [0x00000000ec280000,0x00000000ec50e810,0x00000000ec580000)
  to   space 3072K, 0% used [0x00000000ebf80000,0x00000000ebf80000,0x00000000ec280000)
 ParOldGen       total 68608K, used 44746K [0x00000000c0000000, 0x00000000c4300000, 0x00000000eab00000)
  object space 68608K, 65% used [0x00000000c0000000,0x00000000c2bb2930,0x00000000c4300000)
 Metaspace       used 73993K, committed 75264K, reserved 1179648K
  class space    used 8036K, committed 8576K, reserved 1048576K
GC Heap History (20 events):
Event: 38.782 GC heap before
{Heap before GC invocations=30 (full 3):
 PSYoungGen      total 21504K, used 21472K [0x00000000eab00000, 0x00000000ec600000, 0x0000000100000000)
  eden space 19968K, 100% used [0x00000000eab00000,0x00000000ebe80000,0x00000000ebe80000)
  from space 1536K, 97% used [0x00000000ec180000,0x00000000ec2f8040,0x00000000ec300000)
  to   space 3072K, 0% used [0x00000000ebe80000,0x00000000ebe80000,0x00000000ec180000)
 ParOldGen       total 68608K, used 28784K [0x00000000c0000000, 0x00000000c4300000, 0x00000000eab00000)
  object space 68608K, 41% used [0x00000000c0000000,0x00000000c1c1c008,0x00000000c4300000)
 Metaspace       used 65609K, committed 66816K, reserved 1114112K
  class space    used 7194K, committed 7744K, reserved 1048576K
}
Event: 38.786 GC heap after
{Heap after GC invocations=30 (full 3):
 PSYoungGen      total 22016K, used 2033K [0x00000000eab00000, 0x00000000ec380000, 0x0000000100000000)
  eden space 19968K, 0% used [0x00000000eab00000,0x00000000eab00000,0x00000000ebe80000)
  from space 2048K, 99% used [0x00000000ebe80000,0x00000000ec07c410,0x00000000ec080000)
  to   space 2560K, 0% used [0x00000000ec100000,0x00000000ec100000,0x00000000ec380000)
 ParOldGen       total 68608K, used 30224K [0x00000000c0000000, 0x00000000c4300000, 0x00000000eab00000)
  object space 68608K, 44% used [0x00000000c0000000,0x00000000c1d84048,0x00000000c4300000)
 Metaspace       used 65609K, committed 66816K, reserved 1114112K
  class space    used 7194K, committed 7744K, reserved 1048576K
}
Event: 38.928 GC heap before
{Heap before GC invocations=31 (full 3):
 PSYoungGen      total 22016K, used 22001K [0x00000000eab00000, 0x00000000ec380000, 0x0000000100000000)
  eden space 19968K, 100% used [0x00000000eab00000,0x00000000ebe80000,0x00000000ebe80000)
  from space 2048K, 99% used [0x00000000ebe80000,0x00000000ec07c410,0x00000000ec080000)
  to   space 2560K, 0% used [0x00000000ec100000,0x00000000ec100000,0x00000000ec380000)
 ParOldGen       total 68608K, used 30224K [0x00000000c0000000, 0x00000000c4300000, 0x00000000eab00000)
  object space 68608K, 44% used [0x00000000c0000000,0x00000000c1d84048,0x00000000c4300000)
 Metaspace       used 65920K, committed 67136K, reserved 1114112K
  class space    used 7230K, committed 7744K, reserved 1048576K
}
Event: 38.932 GC heap after
{Heap after GC invocations=31 (full 3):
 PSYoungGen      total 22016K, used 1794K [0x00000000eab00000, 0x00000000ec300000, 0x0000000100000000)
  eden space 19968K, 0% used [0x00000000eab00000,0x00000000eab00000,0x00000000ebe80000)
  from space 2048K, 87% used [0x00000000ec100000,0x00000000ec2c0810,0x00000000ec300000)
  to   space 2048K, 0% used [0x00000000ebe80000,0x00000000ebe80000,0x00000000ec080000)
 ParOldGen       total 68608K, used 31942K [0x00000000c0000000, 0x00000000c4300000, 0x00000000eab00000)
  object space 68608K, 46% used [0x00000000c0000000,0x00000000c1f318c8,0x00000000c4300000)
 Metaspace       used 65920K, committed 67136K, reserved 1114112K
  class space    used 7230K, committed 7744K, reserved 1048576K
}
Event: 39.165 GC heap before
{Heap before GC invocations=32 (full 3):
 PSYoungGen      total 22016K, used 21734K [0x00000000eab00000, 0x00000000ec300000, 0x0000000100000000)
  eden space 19968K, 99% used [0x00000000eab00000,0x00000000ebe79338,0x00000000ebe80000)
  from space 2048K, 87% used [0x00000000ec100000,0x00000000ec2c0810,0x00000000ec300000)
  to   space 2048K, 0% used [0x00000000ebe80000,0x00000000ebe80000,0x00000000ec080000)
 ParOldGen       total 68608K, used 31942K [0x00000000c0000000, 0x00000000c4300000, 0x00000000eab00000)
  object space 68608K, 46% used [0x00000000c0000000,0x00000000c1f318c8,0x00000000c4300000)
 Metaspace       used 66889K, committed 68160K, reserved 1114112K
  class space    used 7310K, committed 7872K, reserved 1048576K
}
Event: 39.168 GC heap after
{Heap after GC invocations=32 (full 3):
 PSYoungGen      total 22016K, used 2042K [0x00000000eab00000, 0x00000000ec880000, 0x0000000100000000)
  eden space 19968K, 0% used [0x00000000eab00000,0x00000000eab00000,0x00000000ebe80000)
  from space 2048K, 99% used [0x00000000ebe80000,0x00000000ec07e8c8,0x00000000ec080000)
  to   space 5120K, 0% used [0x00000000ec380000,0x00000000ec380000,0x00000000ec880000)
 ParOldGen       total 68608K, used 34203K [0x00000000c0000000, 0x00000000c4300000, 0x00000000eab00000)
  object space 68608K, 49% used [0x00000000c0000000,0x00000000c2166d60,0x00000000c4300000)
 Metaspace       used 66889K, committed 68160K, reserved 1114112K
  class space    used 7310K, committed 7872K, reserved 1048576K
}
Event: 39.400 GC heap before
{Heap before GC invocations=33 (full 3):
 PSYoungGen      total 22016K, used 22010K [0x00000000eab00000, 0x00000000ec880000, 0x0000000100000000)
  eden space 19968K, 100% used [0x00000000eab00000,0x00000000ebe80000,0x00000000ebe80000)
  from space 2048K, 99% used [0x00000000ebe80000,0x00000000ec07e8c8,0x00000000ec080000)
  to   space 5120K, 0% used [0x00000000ec380000,0x00000000ec380000,0x00000000ec880000)
 ParOldGen       total 68608K, used 34203K [0x00000000c0000000, 0x00000000c4300000, 0x00000000eab00000)
  object space 68608K, 49% used [0x00000000c0000000,0x00000000c2166d60,0x00000000c4300000)
 Metaspace       used 67890K, committed 69120K, reserved 1114112K
  class space    used 7444K, committed 8000K, reserved 1048576K
}
Event: 39.403 GC heap after
{Heap after GC invocations=33 (full 3):
 PSYoungGen      total 22016K, used 1680K [0x00000000eab00000, 0x00000000ec580000, 0x0000000100000000)
  eden space 19968K, 0% used [0x00000000eab00000,0x00000000eab00000,0x00000000ebe80000)
  from space 2048K, 82% used [0x00000000ec380000,0x00000000ec524180,0x00000000ec580000)
  to   space 3072K, 0% used [0x00000000ebf80000,0x00000000ebf80000,0x00000000ec280000)
 ParOldGen       total 68608K, used 36255K [0x00000000c0000000, 0x00000000c4300000, 0x00000000eab00000)
  object space 68608K, 52% used [0x00000000c0000000,0x00000000c2367ff8,0x00000000c4300000)
 Metaspace       used 67890K, committed 69120K, reserved 1114112K
  class space    used 7444K, committed 8000K, reserved 1048576K
}
Event: 39.465 GC heap before
{Heap before GC invocations=34 (full 3):
 PSYoungGen      total 22016K, used 21648K [0x00000000eab00000, 0x00000000ec580000, 0x0000000100000000)
  eden space 19968K, 100% used [0x00000000eab00000,0x00000000ebe80000,0x00000000ebe80000)
  from space 2048K, 82% used [0x00000000ec380000,0x00000000ec524180,0x00000000ec580000)
  to   space 3072K, 0% used [0x00000000ebf80000,0x00000000ebf80000,0x00000000ec280000)
 ParOldGen       total 68608K, used 36255K [0x00000000c0000000, 0x00000000c4300000, 0x00000000eab00000)
  object space 68608K, 52% used [0x00000000c0000000,0x00000000c2367ff8,0x00000000c4300000)
 Metaspace       used 68105K, committed 69376K, reserved 1114112K
  class space    used 7463K, committed 8064K, reserved 1048576K
}
Event: 39.467 GC heap after
{Heap after GC invocations=34 (full 3):
 PSYoungGen      total 22528K, used 2053K [0x00000000eab00000, 0x00000000ec400000, 0x0000000100000000)
  eden space 19968K, 0% used [0x00000000eab00000,0x00000000eab00000,0x00000000ebe80000)
  from space 2560K, 80% used [0x00000000ebf80000,0x00000000ec1814e8,0x00000000ec200000)
  to   space 2048K, 0% used [0x00000000ec200000,0x00000000ec200000,0x00000000ec400000)
 ParOldGen       total 68608K, used 36986K [0x00000000c0000000, 0x00000000c4300000, 0x00000000eab00000)
  object space 68608K, 53% used [0x00000000c0000000,0x00000000c241e828,0x00000000c4300000)
 Metaspace       used 68105K, committed 69376K, reserved 1114112K
  class space    used 7463K, committed 8064K, reserved 1048576K
}
Event: 39.498 GC heap before
{Heap before GC invocations=35 (full 3):
 PSYoungGen      total 22528K, used 22021K [0x00000000eab00000, 0x00000000ec400000, 0x0000000100000000)
  eden space 19968K, 100% used [0x00000000eab00000,0x00000000ebe80000,0x00000000ebe80000)
  from space 2560K, 80% used [0x00000000ebf80000,0x00000000ec1814e8,0x00000000ec200000)
  to   space 2048K, 0% used [0x00000000ec200000,0x00000000ec200000,0x00000000ec400000)
 ParOldGen       total 68608K, used 36986K [0x00000000c0000000, 0x00000000c4300000, 0x00000000eab00000)
  object space 68608K, 53% used [0x00000000c0000000,0x00000000c241e828,0x00000000c4300000)
 Metaspace       used 68277K, committed 69568K, reserved 1114112K
  class space    used 7467K, committed 8064K, reserved 1048576K
}
Event: 39.500 GC heap after
{Heap after GC invocations=35 (full 3):
 PSYoungGen      total 21504K, used 1472K [0x00000000eab00000, 0x00000000ec380000, 0x0000000100000000)
  eden space 19968K, 0% used [0x00000000eab00000,0x00000000eab00000,0x00000000ebe80000)
  from space 1536K, 95% used [0x00000000ec200000,0x00000000ec370000,0x00000000ec380000)
  to   space 2048K, 0% used [0x00000000ebf80000,0x00000000ebf80000,0x00000000ec180000)
 ParOldGen       total 68608K, used 38122K [0x00000000c0000000, 0x00000000c4300000, 0x00000000eab00000)
  object space 68608K, 55% used [0x00000000c0000000,0x00000000c253a848,0x00000000c4300000)
 Metaspace       used 68277K, committed 69568K, reserved 1114112K
  class space    used 7467K, committed 8064K, reserved 1048576K
}
Event: 39.542 GC heap before
{Heap before GC invocations=36 (full 3):
 PSYoungGen      total 21504K, used 21440K [0x00000000eab00000, 0x00000000ec380000, 0x0000000100000000)
  eden space 19968K, 100% used [0x00000000eab00000,0x00000000ebe80000,0x00000000ebe80000)
  from space 1536K, 95% used [0x00000000ec200000,0x00000000ec370000,0x00000000ec380000)
  to   space 2048K, 0% used [0x00000000ebf80000,0x00000000ebf80000,0x00000000ec180000)
 ParOldGen       total 68608K, used 38122K [0x00000000c0000000, 0x00000000c4300000, 0x00000000eab00000)
  object space 68608K, 55% used [0x00000000c0000000,0x00000000c253a898,0x00000000c4300000)
 Metaspace       used 68529K, committed 69760K, reserved 1114112K
  class space    used 7497K, committed 8064K, reserved 1048576K
}
Event: 39.546 GC heap after
{Heap after GC invocations=36 (full 3):
 PSYoungGen      total 22016K, used 1984K [0x00000000eab00000, 0x00000000ec380000, 0x0000000100000000)
  eden space 19968K, 0% used [0x00000000eab00000,0x00000000eab00000,0x00000000ebe80000)
  from space 2048K, 96% used [0x00000000ebf80000,0x00000000ec170000,0x00000000ec180000)
  to   space 2048K, 0% used [0x00000000ec180000,0x00000000ec180000,0x00000000ec380000)
 ParOldGen       total 68608K, used 39666K [0x00000000c0000000, 0x00000000c4300000, 0x00000000eab00000)
  object space 68608K, 57% used [0x00000000c0000000,0x00000000c26bc8a8,0x00000000c4300000)
 Metaspace       used 68529K, committed 69760K, reserved 1114112K
  class space    used 7497K, committed 8064K, reserved 1048576K
}
Event: 39.603 GC heap before
{Heap before GC invocations=37 (full 3):
 PSYoungGen      total 22016K, used 21952K [0x00000000eab00000, 0x00000000ec380000, 0x0000000100000000)
  eden space 19968K, 100% used [0x00000000eab00000,0x00000000ebe80000,0x00000000ebe80000)
  from space 2048K, 96% used [0x00000000ebf80000,0x00000000ec170000,0x00000000ec180000)
  to   space 2048K, 0% used [0x00000000ec180000,0x00000000ec180000,0x00000000ec380000)
 ParOldGen       total 68608K, used 39706K [0x00000000c0000000, 0x00000000c4300000, 0x00000000eab00000)
  object space 68608K, 57% used [0x00000000c0000000,0x00000000c26c69c8,0x00000000c4300000)
 Metaspace       used 69018K, committed 70272K, reserved 1114112K
  class space    used 7552K, committed 8128K, reserved 1048576K
}
Event: 39.607 GC heap after
{Heap after GC invocations=37 (full 3):
 PSYoungGen      total 21504K, used 1280K [0x00000000eab00000, 0x00000000ec300000, 0x0000000100000000)
  eden space 19968K, 0% used [0x00000000eab00000,0x00000000eab00000,0x00000000ebe80000)
  from space 1536K, 83% used [0x00000000ec180000,0x00000000ec2c0000,0x00000000ec300000)
  to   space 2048K, 0% used [0x00000000ebf00000,0x00000000ebf00000,0x00000000ec100000)
 ParOldGen       total 68608K, used 41562K [0x00000000c0000000, 0x00000000c4300000, 0x00000000eab00000)
  object space 68608K, 60% used [0x00000000c0000000,0x00000000c28969c8,0x00000000c4300000)
 Metaspace       used 69018K, committed 70272K, reserved 1114112K
  class space    used 7552K, committed 8128K, reserved 1048576K
}
Event: 39.992 GC heap before
{Heap before GC invocations=38 (full 3):
 PSYoungGen      total 21504K, used 21248K [0x00000000eab00000, 0x00000000ec300000, 0x0000000100000000)
  eden space 19968K, 100% used [0x00000000eab00000,0x00000000ebe80000,0x00000000ebe80000)
  from space 1536K, 83% used [0x00000000ec180000,0x00000000ec2c0000,0x00000000ec300000)
  to   space 2048K, 0% used [0x00000000ebf00000,0x00000000ebf00000,0x00000000ec100000)
 ParOldGen       total 68608K, used 41562K [0x00000000c0000000, 0x00000000c4300000, 0x00000000eab00000)
  object space 68608K, 60% used [0x00000000c0000000,0x00000000c28969c8,0x00000000c4300000)
 Metaspace       used 70906K, committed 72128K, reserved 1114112K
  class space    used 7699K, committed 8256K, reserved 1048576K
}
Event: 39.995 GC heap after
{Heap after GC invocations=38 (full 3):
 PSYoungGen      total 22016K, used 2032K [0x00000000eab00000, 0x00000000ec680000, 0x0000000100000000)
  eden space 19968K, 0% used [0x00000000eab00000,0x00000000eab00000,0x00000000ebe80000)
  from space 2048K, 99% used [0x00000000ebf00000,0x00000000ec0fc030,0x00000000ec100000)
  to   space 4096K, 0% used [0x00000000ec280000,0x00000000ec280000,0x00000000ec680000)
 ParOldGen       total 68608K, used 43002K [0x00000000c0000000, 0x00000000c4300000, 0x00000000eab00000)
  object space 68608K, 62% used [0x00000000c0000000,0x00000000c29feb68,0x00000000c4300000)
 Metaspace       used 70906K, committed 72128K, reserved 1114112K
  class space    used 7699K, committed 8256K, reserved 1048576K
}
Event: 40.342 GC heap before
{Heap before GC invocations=39 (full 3):
 PSYoungGen      total 22016K, used 22000K [0x00000000eab00000, 0x00000000ec680000, 0x0000000100000000)
  eden space 19968K, 100% used [0x00000000eab00000,0x00000000ebe80000,0x00000000ebe80000)
  from space 2048K, 99% used [0x00000000ebf00000,0x00000000ec0fc030,0x00000000ec100000)
  to   space 4096K, 0% used [0x00000000ec280000,0x00000000ec280000,0x00000000ec680000)
 ParOldGen       total 68608K, used 43002K [0x00000000c0000000, 0x00000000c4300000, 0x00000000eab00000)
  object space 68608K, 62% used [0x00000000c0000000,0x00000000c29feb68,0x00000000c4300000)
 Metaspace       used 72558K, committed 73856K, reserved 1179648K
  class space    used 7869K, committed 8448K, reserved 1048576K
}
Event: 40.346 GC heap after
{Heap after GC invocations=39 (full 3):
 PSYoungGen      total 23040K, used 2618K [0x00000000eab00000, 0x00000000ec580000, 0x0000000100000000)
  eden space 19968K, 0% used [0x00000000eab00000,0x00000000eab00000,0x00000000ebe80000)
  from space 3072K, 85% used [0x00000000ec280000,0x00000000ec50e810,0x00000000ec580000)
  to   space 3072K, 0% used [0x00000000ebf80000,0x00000000ebf80000,0x00000000ec280000)
 ParOldGen       total 68608K, used 44746K [0x00000000c0000000, 0x00000000c4300000, 0x00000000eab00000)
  object space 68608K, 65% used [0x00000000c0000000,0x00000000c2bb2930,0x00000000c4300000)
 Metaspace       used 72558K, committed 73856K, reserved 1179648K
  class space    used 7869K, committed 8448K, reserved 1048576K
}

