# JRE version: OpenJDK Runtime Environment Temurin-17.0.13+11 (17.0.13+11) (build 17.0.13+11)
# Java VM: OpenJDK 64-Bit Server VM Temurin-17.0.13+11 (17.0.13+11, mixed mode, tiered, compressed oops, compressed class ptrs, parallel gc, windows-amd64)
GC Precious Log:
 CPUs: 12 total, 12 available
 Memory: 7860M
 Large Page Support: Disabled
 NUMA Support: Disabled
 Compressed Oops: Enabled (32-bit)
 Alignments: Space 512K, Generation 512K, Heap 2M
 Heap Min Capacity: 100M
 Heap Initial Capacity: 100M
 Heap Max Capacity: 1G
 Pre-touch: Disabled
 Parallel Workers: 10
Heap:
 PSYoungGen      total 13824K, used 2877K [0x00000000eab00000, 0x00000000eba80000, 0x0000000100000000)
  eden space 11776K, 9% used [0x00000000eab00000,0x00000000eac105a0,0x00000000eb680000)
  from space 2048K, 87% used [0x00000000eb680000,0x00000000eb83ef88,0x00000000eb880000)
  to   space 2048K, 0% used [0x00000000eb880000,0x00000000eb880000,0x00000000eba80000)
 ParOldGen       total 119296K, used 118563K [0x00000000c0000000, 0x00000000c7480000, 0x00000000eab00000)
  object space 119296K, 99% used [0x00000000c0000000,0x00000000c73c8fe0,0x00000000c7480000)
 Metaspace       used 64275K, committed 65472K, reserved 1114112K
  class space    used 6786K, committed 7360K, reserved 1048576K
GC Heap History (20 events):
Event: 10.132 GC heap before
{Heap before GC invocations=59 (full 4):
 PSYoungGen      total 15360K, used 15121K [0x00000000eab00000, 0x00000000ebe00000, 0x0000000100000000)
  eden space 12800K, 100% used [0x00000000eab00000,0x00000000eb780000,0x00000000eb780000)
  from space 2560K, 90% used [0x00000000ebb80000,0x00000000ebdc4408,0x00000000ebe00000)
  to   space 2560K, 0% used [0x00000000eb900000,0x00000000eb900000,0x00000000ebb80000)
 ParOldGen       total 119296K, used 96905K [0x00000000c0000000, 0x00000000c7480000, 0x00000000eab00000)
  object space 119296K, 81% used [0x00000000c0000000,0x00000000c5ea2540,0x00000000c7480000)
 Metaspace       used 63047K, committed 64256K, reserved 1114112K
  class space    used 6687K, committed 7232K, reserved 1048576K
}
Event: 10.136 GC heap after
{Heap after GC invocations=59 (full 4):
 PSYoungGen      total 15360K, used 2272K [0x00000000eab00000, 0x00000000ebc80000, 0x0000000100000000)
  eden space 12800K, 0% used [0x00000000eab00000,0x00000000eab00000,0x00000000eb780000)
  from space 2560K, 88% used [0x00000000eb900000,0x00000000ebb38000,0x00000000ebb80000)
  to   space 1024K, 0% used [0x00000000ebb80000,0x00000000ebb80000,0x00000000ebc80000)
 ParOldGen       total 119296K, used 99098K [0x00000000c0000000, 0x00000000c7480000, 0x00000000eab00000)
  object space 119296K, 83% used [0x00000000c0000000,0x00000000c60c68a0,0x00000000c7480000)
 Metaspace       used 63047K, committed 64256K, reserved 1114112K
  class space    used 6687K, committed 7232K, reserved 1048576K
}
Event: 10.227 GC heap before
{Heap before GC invocations=60 (full 4):
 PSYoungGen      total 15360K, used 15072K [0x00000000eab00000, 0x00000000ebc80000, 0x0000000100000000)
  eden space 12800K, 100% used [0x00000000eab00000,0x00000000eb780000,0x00000000eb780000)
  from space 2560K, 88% used [0x00000000eb900000,0x00000000ebb38000,0x00000000ebb80000)
  to   space 1024K, 0% used [0x00000000ebb80000,0x00000000ebb80000,0x00000000ebc80000)
 ParOldGen       total 119296K, used 99098K [0x00000000c0000000, 0x00000000c7480000, 0x00000000eab00000)
  object space 119296K, 83% used [0x00000000c0000000,0x00000000c60c68a0,0x00000000c7480000)
 Metaspace       used 63061K, committed 64256K, reserved 1114112K
  class space    used 6687K, committed 7232K, reserved 1048576K
}
Event: 10.231 GC heap after
{Heap after GC invocations=60 (full 4):
 PSYoungGen      total 12800K, used 1000K [0x00000000eab00000, 0x00000000ec180000, 0x0000000100000000)
  eden space 11776K, 0% used [0x00000000eab00000,0x00000000eab00000,0x00000000eb680000)
  from space 1024K, 97% used [0x00000000ebb80000,0x00000000ebc7a230,0x00000000ebc80000)
  to   space 5120K, 0% used [0x00000000eb680000,0x00000000eb680000,0x00000000ebb80000)
 ParOldGen       total 119296K, used 102679K [0x00000000c0000000, 0x00000000c7480000, 0x00000000eab00000)
  object space 119296K, 86% used [0x00000000c0000000,0x00000000c6445c20,0x00000000c7480000)
 Metaspace       used 63061K, committed 64256K, reserved 1114112K
  class space    used 6687K, committed 7232K, reserved 1048576K
}
Event: 10.382 GC heap before
{Heap before GC invocations=61 (full 4):
 PSYoungGen      total 12800K, used 12776K [0x00000000eab00000, 0x00000000ec180000, 0x0000000100000000)
  eden space 11776K, 100% used [0x00000000eab00000,0x00000000eb680000,0x00000000eb680000)
  from space 1024K, 97% used [0x00000000ebb80000,0x00000000ebc7a230,0x00000000ebc80000)
  to   space 5120K, 0% used [0x00000000eb680000,0x00000000eb680000,0x00000000ebb80000)
 ParOldGen       total 119296K, used 102679K [0x00000000c0000000, 0x00000000c7480000, 0x00000000eab00000)
  object space 119296K, 86% used [0x00000000c0000000,0x00000000c6445c20,0x00000000c7480000)
 Metaspace       used 63177K, committed 64384K, reserved 1114112K
  class space    used 6689K, committed 7232K, reserved 1048576K
}
Event: 10.386 GC heap after
{Heap after GC invocations=61 (full 4):
 PSYoungGen      total 14336K, used 2100K [0x00000000eab00000, 0x00000000ebc80000, 0x0000000100000000)
  eden space 11776K, 0% used [0x00000000eab00000,0x00000000eab00000,0x00000000eb680000)
  from space 2560K, 82% used [0x00000000eb680000,0x00000000eb88d260,0x00000000eb900000)
  to   space 3072K, 0% used [0x00000000eb980000,0x00000000eb980000,0x00000000ebc80000)
 ParOldGen       total 119296K, used 103637K [0x00000000c0000000, 0x00000000c7480000, 0x00000000eab00000)
  object space 119296K, 86% used [0x00000000c0000000,0x00000000c65355e0,0x00000000c7480000)
 Metaspace       used 63177K, committed 64384K, reserved 1114112K
  class space    used 6689K, committed 7232K, reserved 1048576K
}
Event: 10.461 GC heap before
{Heap before GC invocations=62 (full 4):
 PSYoungGen      total 14336K, used 13876K [0x00000000eab00000, 0x00000000ebc80000, 0x0000000100000000)
  eden space 11776K, 100% used [0x00000000eab00000,0x00000000eb680000,0x00000000eb680000)
  from space 2560K, 82% used [0x00000000eb680000,0x00000000eb88d260,0x00000000eb900000)
  to   space 3072K, 0% used [0x00000000eb980000,0x00000000eb980000,0x00000000ebc80000)
 ParOldGen       total 119296K, used 103637K [0x00000000c0000000, 0x00000000c7480000, 0x00000000eab00000)
  object space 119296K, 86% used [0x00000000c0000000,0x00000000c65355e0,0x00000000c7480000)
 Metaspace       used 63205K, committed 64384K, reserved 1114112K
  class space    used 6689K, committed 7232K, reserved 1048576K
}
Event: 10.463 GC heap after
{Heap after GC invocations=62 (full 4):
 PSYoungGen      total 14336K, used 2054K [0x00000000eab00000, 0x00000000ebc00000, 0x0000000100000000)
  eden space 11776K, 0% used [0x00000000eab00000,0x00000000eab00000,0x00000000eb680000)
  from space 2560K, 80% used [0x00000000eb980000,0x00000000ebb81ae0,0x00000000ebc00000)
  to   space 2560K, 0% used [0x00000000eb680000,0x00000000eb680000,0x00000000eb900000)
 ParOldGen       total 119296K, used 105541K [0x00000000c0000000, 0x00000000c7480000, 0x00000000eab00000)
  object space 119296K, 88% used [0x00000000c0000000,0x00000000c6711408,0x00000000c7480000)
 Metaspace       used 63205K, committed 64384K, reserved 1114112K
  class space    used 6689K, committed 7232K, reserved 1048576K
}
Event: 10.549 GC heap before
{Heap before GC invocations=63 (full 4):
 PSYoungGen      total 14336K, used 13830K [0x00000000eab00000, 0x00000000ebc00000, 0x0000000100000000)
  eden space 11776K, 100% used [0x00000000eab00000,0x00000000eb680000,0x00000000eb680000)
  from space 2560K, 80% used [0x00000000eb980000,0x00000000ebb81ae0,0x00000000ebc00000)
  to   space 2560K, 0% used [0x00000000eb680000,0x00000000eb680000,0x00000000eb900000)
 ParOldGen       total 119296K, used 105541K [0x00000000c0000000, 0x00000000c7480000, 0x00000000eab00000)
  object space 119296K, 88% used [0x00000000c0000000,0x00000000c6711408,0x00000000c7480000)
 Metaspace       used 63245K, committed 64448K, reserved 1114112K
  class space    used 6689K, committed 7232K, reserved 1048576K
}
Event: 10.552 GC heap after
{Heap after GC invocations=63 (full 4):
 PSYoungGen      total 14336K, used 2176K [0x00000000eab00000, 0x00000000ebb80000, 0x0000000100000000)
  eden space 11776K, 0% used [0x00000000eab00000,0x00000000eab00000,0x00000000eb680000)
  from space 2560K, 85% used [0x00000000eb680000,0x00000000eb8a0018,0x00000000eb900000)
  to   space 2560K, 0% used [0x00000000eb900000,0x00000000eb900000,0x00000000ebb80000)
 ParOldGen       total 119296K, used 107381K [0x00000000c0000000, 0x00000000c7480000, 0x00000000eab00000)
  object space 119296K, 90% used [0x00000000c0000000,0x00000000c68dd450,0x00000000c7480000)
 Metaspace       used 63245K, committed 64448K, reserved 1114112K
  class space    used 6689K, committed 7232K, reserved 1048576K
}
Event: 10.618 GC heap before
{Heap before GC invocations=64 (full 4):
 PSYoungGen      total 14336K, used 13952K [0x00000000eab00000, 0x00000000ebb80000, 0x0000000100000000)
  eden space 11776K, 100% used [0x00000000eab00000,0x00000000eb680000,0x00000000eb680000)
  from space 2560K, 85% used [0x00000000eb680000,0x00000000eb8a0018,0x00000000eb900000)
  to   space 2560K, 0% used [0x00000000eb900000,0x00000000eb900000,0x00000000ebb80000)
 ParOldGen       total 119296K, used 107381K [0x00000000c0000000, 0x00000000c7480000, 0x00000000eab00000)
  object space 119296K, 90% used [0x00000000c0000000,0x00000000c68dd450,0x00000000c7480000)
 Metaspace       used 63269K, committed 64448K, reserved 1114112K
  class space    used 6689K, committed 7232K, reserved 1048576K
}
Event: 10.621 GC heap after
{Heap after GC invocations=64 (full 4):
 PSYoungGen      total 14336K, used 2113K [0x00000000eab00000, 0x00000000ebb80000, 0x0000000100000000)
  eden space 11776K, 0% used [0x00000000eab00000,0x00000000eab00000,0x00000000eb680000)
  from space 2560K, 82% used [0x00000000eb900000,0x00000000ebb10638,0x00000000ebb80000)
  to   space 2560K, 0% used [0x00000000eb680000,0x00000000eb680000,0x00000000eb900000)
 ParOldGen       total 119296K, used 109407K [0x00000000c0000000, 0x00000000c7480000, 0x00000000eab00000)
  object space 119296K, 91% used [0x00000000c0000000,0x00000000c6ad7ec8,0x00000000c7480000)
 Metaspace       used 63269K, committed 64448K, reserved 1114112K
  class space    used 6689K, committed 7232K, reserved 1048576K
}
Event: 10.679 GC heap before
{Heap before GC invocations=65 (full 4):
 PSYoungGen      total 14336K, used 13889K [0x00000000eab00000, 0x00000000ebb80000, 0x0000000100000000)
  eden space 11776K, 100% used [0x00000000eab00000,0x00000000eb680000,0x00000000eb680000)
  from space 2560K, 82% used [0x00000000eb900000,0x00000000ebb10638,0x00000000ebb80000)
  to   space 2560K, 0% used [0x00000000eb680000,0x00000000eb680000,0x00000000eb900000)
 ParOldGen       total 119296K, used 109411K [0x00000000c0000000, 0x00000000c7480000, 0x00000000eab00000)
  object space 119296K, 91% used [0x00000000c0000000,0x00000000c6ad8ee0,0x00000000c7480000)
 Metaspace       used 63385K, committed 64576K, reserved 1114112K
  class space    used 6702K, committed 7232K, reserved 1048576K
}
Event: 10.682 GC heap after
{Heap after GC invocations=65 (full 4):
 PSYoungGen      total 14336K, used 2094K [0x00000000eab00000, 0x00000000ebb80000, 0x0000000100000000)
  eden space 11776K, 0% used [0x00000000eab00000,0x00000000eab00000,0x00000000eb680000)
  from space 2560K, 81% used [0x00000000eb680000,0x00000000eb88b820,0x00000000eb900000)
  to   space 2560K, 0% used [0x00000000eb900000,0x00000000eb900000,0x00000000ebb80000)
 ParOldGen       total 119296K, used 111284K [0x00000000c0000000, 0x00000000c7480000, 0x00000000eab00000)
  object space 119296K, 93% used [0x00000000c0000000,0x00000000c6cad360,0x00000000c7480000)
 Metaspace       used 63385K, committed 64576K, reserved 1114112K
  class space    used 6702K, committed 7232K, reserved 1048576K
}
Event: 10.749 GC heap before
{Heap before GC invocations=66 (full 4):
 PSYoungGen      total 14336K, used 13870K [0x00000000eab00000, 0x00000000ebb80000, 0x0000000100000000)
  eden space 11776K, 100% used [0x00000000eab00000,0x00000000eb680000,0x00000000eb680000)
  from space 2560K, 81% used [0x00000000eb680000,0x00000000eb88b820,0x00000000eb900000)
  to   space 2560K, 0% used [0x00000000eb900000,0x00000000eb900000,0x00000000ebb80000)
 ParOldGen       total 119296K, used 111286K [0x00000000c0000000, 0x00000000c7480000, 0x00000000eab00000)
  object space 119296K, 93% used [0x00000000c0000000,0x00000000c6cadba8,0x00000000c7480000)
 Metaspace       used 63446K, committed 64640K, reserved 1114112K
  class space    used 6707K, committed 7232K, reserved 1048576K
}
Event: 10.752 GC heap after
{Heap after GC invocations=66 (full 4):
 PSYoungGen      total 14336K, used 2083K [0x00000000eab00000, 0x00000000ebb80000, 0x0000000100000000)
  eden space 11776K, 0% used [0x00000000eab00000,0x00000000eab00000,0x00000000eb680000)
  from space 2560K, 81% used [0x00000000eb900000,0x00000000ebb08e10,0x00000000ebb80000)
  to   space 2560K, 0% used [0x00000000eb680000,0x00000000eb680000,0x00000000eb900000)
 ParOldGen       total 119296K, used 113274K [0x00000000c0000000, 0x00000000c7480000, 0x00000000eab00000)
  object space 119296K, 94% used [0x00000000c0000000,0x00000000c6e9e978,0x00000000c7480000)
 Metaspace       used 63446K, committed 64640K, reserved 1114112K
  class space    used 6707K, committed 7232K, reserved 1048576K
}
Event: 10.836 GC heap before
{Heap before GC invocations=67 (full 4):
 PSYoungGen      total 14336K, used 13856K [0x00000000eab00000, 0x00000000ebb80000, 0x0000000100000000)
  eden space 11776K, 99% used [0x00000000eab00000,0x00000000eb67f500,0x00000000eb680000)
  from space 2560K, 81% used [0x00000000eb900000,0x00000000ebb08e10,0x00000000ebb80000)
  to   space 2560K, 0% used [0x00000000eb680000,0x00000000eb680000,0x00000000eb900000)
 ParOldGen       total 119296K, used 113282K [0x00000000c0000000, 0x00000000c7480000, 0x00000000eab00000)
  object space 119296K, 94% used [0x00000000c0000000,0x00000000c6ea0b48,0x00000000c7480000)
 Metaspace       used 63628K, committed 64832K, reserved 1114112K
  class space    used 6723K, committed 7232K, reserved 1048576K
}
Event: 10.839 GC heap after
{Heap after GC invocations=67 (full 4):
 PSYoungGen      total 13824K, used 1941K [0x00000000eab00000, 0x00000000eba80000, 0x0000000100000000)
  eden space 11776K, 0% used [0x00000000eab00000,0x00000000eab00000,0x00000000eb680000)
  from space 2048K, 94% used [0x00000000eb680000,0x00000000eb865738,0x00000000eb880000)
  to   space 2048K, 0% used [0x00000000eb880000,0x00000000eb880000,0x00000000eba80000)
 ParOldGen       total 119296K, used 115147K [0x00000000c0000000, 0x00000000c7480000, 0x00000000eab00000)
  object space 119296K, 96% used [0x00000000c0000000,0x00000000c7072f40,0x00000000c7480000)
 Metaspace       used 63628K, committed 64832K, reserved 1114112K
  class space    used 6723K, committed 7232K, reserved 1048576K
}
Event: 10.896 GC heap before
{Heap before GC invocations=68 (full 4):
 PSYoungGen      total 13824K, used 13717K [0x00000000eab00000, 0x00000000eba80000, 0x0000000100000000)
  eden space 11776K, 100% used [0x00000000eab00000,0x00000000eb680000,0x00000000eb680000)
  from space 2048K, 94% used [0x00000000eb680000,0x00000000eb865738,0x00000000eb880000)
  to   space 2048K, 0% used [0x00000000eb880000,0x00000000eb880000,0x00000000eba80000)
 ParOldGen       total 119296K, used 115159K [0x00000000c0000000, 0x00000000c7480000, 0x00000000eab00000)
  object space 119296K, 96% used [0x00000000c0000000,0x00000000c7075c10,0x00000000c7480000)
 Metaspace       used 63915K, committed 65152K, reserved 1114112K
  class space    used 6752K, committed 7296K, reserved 1048576K
}
Event: 10.899 GC heap after
{Heap after GC invocations=68 (full 4):
 PSYoungGen      total 13824K, used 1827K [0x00000000eab00000, 0x00000000eba80000, 0x0000000100000000)
  eden space 11776K, 0% used [0x00000000eab00000,0x00000000eab00000,0x00000000eb680000)
  from space 2048K, 89% used [0x00000000eb880000,0x00000000eba48d50,0x00000000eba80000)
  to   space 2048K, 0% used [0x00000000eb680000,0x00000000eb680000,0x00000000eb880000)
 ParOldGen       total 119296K, used 116889K [0x00000000c0000000, 0x00000000c7480000, 0x00000000eab00000)
  object space 119296K, 97% used [0x00000000c0000000,0x00000000c7226670,0x00000000c7480000)
 Metaspace       used 63915K, committed 65152K, reserved 1114112K
  class space    used 6752K, committed 7296K, reserved 1048576K
}

