# JRE version: OpenJDK Runtime Environment Temurin-17.0.13+11 (17.0.13+11) (build 17.0.13+11)
# Java VM: OpenJDK 64-Bit Server VM Temurin-17.0.13+11 (17.0.13+11, mixed mode, tiered, compressed oops, compressed class ptrs, parallel gc, windows-amd64)
GC Precious Log:
 CPUs: 12 total, 12 available
 Memory: 7860M
 Large Page Support: Disabled
 NUMA Support: Disabled
 Compressed Oops: Enabled (32-bit)
 Alignments: Space 512K, Generation 512K, Heap 2M
 Heap Min Capacity: 100M
 Heap Initial Capacity: 100M
 Heap Max Capacity: 1G
 Pre-touch: Disabled
 Parallel Workers: 10
Heap:
 PSYoungGen      total 15872K, used 2171K [0x00000000eab00000, 0x00000000ebd80000, 0x0000000100000000)
  eden space 14336K, 5% used [0x00000000eab00000,0x00000000eabc3ec8,0x00000000eb900000)
  from space 1536K, 90% used [0x00000000ebc00000,0x00000000ebd5b118,0x00000000ebd80000)
  to   space 2048K, 0% used [0x00000000eb980000,0x00000000eb980000,0x00000000ebb80000)
 ParOldGen       total 68608K, used 46909K [0x00000000c0000000, 0x00000000c4300000, 0x00000000eab00000)
  object space 68608K, 68% used [0x00000000c0000000,0x00000000c2dcf6e8,0x00000000c4300000)
 Metaspace       used 52102K, committed 52992K, reserved 1114112K
  class space    used 5041K, committed 5440K, reserved 1048576K
GC Heap History (20 events):
Event: 8.567 GC heap before
{Heap before GC invocations=23 (full 2):
 PSYoungGen      total 19968K, used 19824K [0x00000000eab00000, 0x00000000ec000000, 0x0000000100000000)
  eden space 18944K, 100% used [0x00000000eab00000,0x00000000ebd80000,0x00000000ebd80000)
  from space 1024K, 85% used [0x00000000ebf00000,0x00000000ebfdc0c8,0x00000000ec000000)
  to   space 1024K, 0% used [0x00000000ebe00000,0x00000000ebe00000,0x00000000ebf00000)
 ParOldGen       total 68608K, used 26691K [0x00000000c0000000, 0x00000000c4300000, 0x00000000eab00000)
  object space 68608K, 38% used [0x00000000c0000000,0x00000000c1a10ff0,0x00000000c4300000)
 Metaspace       used 44650K, committed 45568K, reserved 1114112K
  class space    used 4512K, committed 4928K, reserved 1048576K
}
Event: 8.569 GC heap after
{Heap after GC invocations=23 (full 2):
 PSYoungGen      total 19968K, used 594K [0x00000000eab00000, 0x00000000ebf80000, 0x0000000100000000)
  eden space 18944K, 0% used [0x00000000eab00000,0x00000000eab00000,0x00000000ebd80000)
  from space 1024K, 58% used [0x00000000ebe00000,0x00000000ebe948b0,0x00000000ebf00000)
  to   space 512K, 0% used [0x00000000ebf00000,0x00000000ebf00000,0x00000000ebf80000)
 ParOldGen       total 68608K, used 27404K [0x00000000c0000000, 0x00000000c4300000, 0x00000000eab00000)
  object space 68608K, 39% used [0x00000000c0000000,0x00000000c1ac33d8,0x00000000c4300000)
 Metaspace       used 44650K, committed 45568K, reserved 1114112K
  class space    used 4512K, committed 4928K, reserved 1048576K
}
Event: 9.013 GC heap before
{Heap before GC invocations=24 (full 2):
 PSYoungGen      total 19968K, used 19538K [0x00000000eab00000, 0x00000000ebf80000, 0x0000000100000000)
  eden space 18944K, 100% used [0x00000000eab00000,0x00000000ebd80000,0x00000000ebd80000)
  from space 1024K, 58% used [0x00000000ebe00000,0x00000000ebe948b0,0x00000000ebf00000)
  to   space 512K, 0% used [0x00000000ebf00000,0x00000000ebf00000,0x00000000ebf80000)
 ParOldGen       total 68608K, used 27404K [0x00000000c0000000, 0x00000000c4300000, 0x00000000eab00000)
  object space 68608K, 39% used [0x00000000c0000000,0x00000000c1ac33d8,0x00000000c4300000)
 Metaspace       used 46299K, committed 47168K, reserved 1114112K
  class space    used 4688K, committed 5056K, reserved 1048576K
}
Event: 9.017 GC heap after
{Heap after GC invocations=24 (full 2):
 PSYoungGen      total 17920K, used 512K [0x00000000eab00000, 0x00000000ec380000, 0x0000000100000000)
  eden space 17408K, 0% used [0x00000000eab00000,0x00000000eab00000,0x00000000ebc00000)
  from space 512K, 100% used [0x00000000ebf00000,0x00000000ebf80000,0x00000000ebf80000)
  to   space 3072K, 0% used [0x00000000ebc00000,0x00000000ebc00000,0x00000000ebf00000)
 ParOldGen       total 68608K, used 29261K [0x00000000c0000000, 0x00000000c4300000, 0x00000000eab00000)
  object space 68608K, 42% used [0x00000000c0000000,0x00000000c1c93728,0x00000000c4300000)
 Metaspace       used 46299K, committed 47168K, reserved 1114112K
  class space    used 4688K, committed 5056K, reserved 1048576K
}
Event: 9.403 GC heap before
{Heap before GC invocations=25 (full 2):
 PSYoungGen      total 17920K, used 17919K [0x00000000eab00000, 0x00000000ec380000, 0x0000000100000000)
  eden space 17408K, 99% used [0x00000000eab00000,0x00000000ebbfff48,0x00000000ebc00000)
  from space 512K, 100% used [0x00000000ebf00000,0x00000000ebf80000,0x00000000ebf80000)
  to   space 3072K, 0% used [0x00000000ebc00000,0x00000000ebc00000,0x00000000ebf00000)
 ParOldGen       total 68608K, used 29261K [0x00000000c0000000, 0x00000000c4300000, 0x00000000eab00000)
  object space 68608K, 42% used [0x00000000c0000000,0x00000000c1c93728,0x00000000c4300000)
 Metaspace       used 47652K, committed 48448K, reserved 1114112K
  class space    used 4823K, committed 5184K, reserved 1048576K
}
Event: 9.406 GC heap after
{Heap after GC invocations=25 (full 2):
 PSYoungGen      total 20480K, used 2596K [0x00000000eab00000, 0x00000000ec200000, 0x0000000100000000)
  eden space 17408K, 0% used [0x00000000eab00000,0x00000000eab00000,0x00000000ebc00000)
  from space 3072K, 84% used [0x00000000ebc00000,0x00000000ebe89238,0x00000000ebf00000)
  to   space 3072K, 0% used [0x00000000ebf00000,0x00000000ebf00000,0x00000000ec200000)
 ParOldGen       total 68608K, used 29804K [0x00000000c0000000, 0x00000000c4300000, 0x00000000eab00000)
  object space 68608K, 43% used [0x00000000c0000000,0x00000000c1d1b140,0x00000000c4300000)
 Metaspace       used 47652K, committed 48448K, reserved 1114112K
  class space    used 4823K, committed 5184K, reserved 1048576K
}
Event: 9.828 GC heap before
{Heap before GC invocations=26 (full 2):
 PSYoungGen      total 20480K, used 20004K [0x00000000eab00000, 0x00000000ec200000, 0x0000000100000000)
  eden space 17408K, 100% used [0x00000000eab00000,0x00000000ebc00000,0x00000000ebc00000)
  from space 3072K, 84% used [0x00000000ebc00000,0x00000000ebe89238,0x00000000ebf00000)
  to   space 3072K, 0% used [0x00000000ebf00000,0x00000000ebf00000,0x00000000ec200000)
 ParOldGen       total 68608K, used 29804K [0x00000000c0000000, 0x00000000c4300000, 0x00000000eab00000)
  object space 68608K, 43% used [0x00000000c0000000,0x00000000c1d1b140,0x00000000c4300000)
 Metaspace       used 49067K, committed 49856K, reserved 1114112K
  class space    used 4874K, committed 5248K, reserved 1048576K
}
Event: 9.833 GC heap after
{Heap after GC invocations=26 (full 2):
 PSYoungGen      total 20480K, used 2806K [0x00000000eab00000, 0x00000000ec200000, 0x0000000100000000)
  eden space 17408K, 0% used [0x00000000eab00000,0x00000000eab00000,0x00000000ebc00000)
  from space 3072K, 91% used [0x00000000ebf00000,0x00000000ec1bd860,0x00000000ec200000)
  to   space 3072K, 0% used [0x00000000ebc00000,0x00000000ebc00000,0x00000000ebf00000)
 ParOldGen       total 68608K, used 32179K [0x00000000c0000000, 0x00000000c4300000, 0x00000000eab00000)
  object space 68608K, 46% used [0x00000000c0000000,0x00000000c1f6cfc0,0x00000000c4300000)
 Metaspace       used 49067K, committed 49856K, reserved 1114112K
  class space    used 4874K, committed 5248K, reserved 1048576K
}
Event: 9.912 GC heap before
{Heap before GC invocations=27 (full 2):
 PSYoungGen      total 20480K, used 20214K [0x00000000eab00000, 0x00000000ec200000, 0x0000000100000000)
  eden space 17408K, 100% used [0x00000000eab00000,0x00000000ebc00000,0x00000000ebc00000)
  from space 3072K, 91% used [0x00000000ebf00000,0x00000000ec1bd860,0x00000000ec200000)
  to   space 3072K, 0% used [0x00000000ebc00000,0x00000000ebc00000,0x00000000ebf00000)
 ParOldGen       total 68608K, used 32179K [0x00000000c0000000, 0x00000000c4300000, 0x00000000eab00000)
  object space 68608K, 46% used [0x00000000c0000000,0x00000000c1f6cfc0,0x00000000c4300000)
 Metaspace       used 49196K, committed 49984K, reserved 1114112K
  class space    used 4875K, committed 5248K, reserved 1048576K
}
Event: 9.916 GC heap after
{Heap after GC invocations=27 (full 2):
 PSYoungGen      total 19456K, used 1924K [0x00000000eab00000, 0x00000000ec100000, 0x0000000100000000)
  eden space 17408K, 0% used [0x00000000eab00000,0x00000000eab00000,0x00000000ebc00000)
  from space 2048K, 93% used [0x00000000ebc00000,0x00000000ebde1000,0x00000000ebe00000)
  to   space 2560K, 0% used [0x00000000ebe80000,0x00000000ebe80000,0x00000000ec100000)
 ParOldGen       total 68608K, used 34795K [0x00000000c0000000, 0x00000000c4300000, 0x00000000eab00000)
  object space 68608K, 50% used [0x00000000c0000000,0x00000000c21fad58,0x00000000c4300000)
 Metaspace       used 49196K, committed 49984K, reserved 1114112K
  class space    used 4875K, committed 5248K, reserved 1048576K
}
Event: 10.127 GC heap before
{Heap before GC invocations=28 (full 2):
 PSYoungGen      total 19456K, used 19332K [0x00000000eab00000, 0x00000000ec100000, 0x0000000100000000)
  eden space 17408K, 100% used [0x00000000eab00000,0x00000000ebc00000,0x00000000ebc00000)
  from space 2048K, 93% used [0x00000000ebc00000,0x00000000ebde1000,0x00000000ebe00000)
  to   space 2560K, 0% used [0x00000000ebe80000,0x00000000ebe80000,0x00000000ec100000)
 ParOldGen       total 68608K, used 34795K [0x00000000c0000000, 0x00000000c4300000, 0x00000000eab00000)
  object space 68608K, 50% used [0x00000000c0000000,0x00000000c21fad58,0x00000000c4300000)
 Metaspace       used 49752K, committed 50624K, reserved 1114112K
  class space    used 4915K, committed 5312K, reserved 1048576K
}
Event: 10.132 GC heap after
{Heap after GC invocations=28 (full 2):
 PSYoungGen      total 16896K, used 2554K [0x00000000eab00000, 0x00000000ec700000, 0x0000000100000000)
  eden space 14336K, 0% used [0x00000000eab00000,0x00000000eab00000,0x00000000eb900000)
  from space 2560K, 99% used [0x00000000ebe80000,0x00000000ec0feb28,0x00000000ec100000)
  to   space 5632K, 0% used [0x00000000eb900000,0x00000000eb900000,0x00000000ebe80000)
 ParOldGen       total 68608K, used 37115K [0x00000000c0000000, 0x00000000c4300000, 0x00000000eab00000)
  object space 68608K, 54% used [0x00000000c0000000,0x00000000c243efe8,0x00000000c4300000)
 Metaspace       used 49752K, committed 50624K, reserved 1114112K
  class space    used 4915K, committed 5312K, reserved 1048576K
}
Event: 10.507 GC heap before
{Heap before GC invocations=29 (full 2):
 PSYoungGen      total 16896K, used 16890K [0x00000000eab00000, 0x00000000ec700000, 0x0000000100000000)
  eden space 14336K, 100% used [0x00000000eab00000,0x00000000eb900000,0x00000000eb900000)
  from space 2560K, 99% used [0x00000000ebe80000,0x00000000ec0feb28,0x00000000ec100000)
  to   space 5632K, 0% used [0x00000000eb900000,0x00000000eb900000,0x00000000ebe80000)
 ParOldGen       total 68608K, used 37115K [0x00000000c0000000, 0x00000000c4300000, 0x00000000eab00000)
  object space 68608K, 54% used [0x00000000c0000000,0x00000000c243efe8,0x00000000c4300000)
 Metaspace       used 50114K, committed 51008K, reserved 1114112K
  class space    used 4936K, committed 5312K, reserved 1048576K
}
Event: 10.514 GC heap after
{Heap after GC invocations=29 (full 2):
 PSYoungGen      total 18432K, used 3888K [0x00000000eab00000, 0x00000000ec200000, 0x0000000100000000)
  eden space 14336K, 0% used [0x00000000eab00000,0x00000000eab00000,0x00000000eb900000)
  from space 4096K, 94% used [0x00000000eb900000,0x00000000ebccc3c0,0x00000000ebd00000)
  to   space 4608K, 0% used [0x00000000ebd80000,0x00000000ebd80000,0x00000000ec200000)
 ParOldGen       total 68608K, used 39648K [0x00000000c0000000, 0x00000000c4300000, 0x00000000eab00000)
  object space 68608K, 57% used [0x00000000c0000000,0x00000000c26b8270,0x00000000c4300000)
 Metaspace       used 50114K, committed 51008K, reserved 1114112K
  class space    used 4936K, committed 5312K, reserved 1048576K
}
Event: 10.872 GC heap before
{Heap before GC invocations=30 (full 2):
 PSYoungGen      total 18432K, used 18224K [0x00000000eab00000, 0x00000000ec200000, 0x0000000100000000)
  eden space 14336K, 100% used [0x00000000eab00000,0x00000000eb900000,0x00000000eb900000)
  from space 4096K, 94% used [0x00000000eb900000,0x00000000ebccc3c0,0x00000000ebd00000)
  to   space 4608K, 0% used [0x00000000ebd80000,0x00000000ebd80000,0x00000000ec200000)
 ParOldGen       total 68608K, used 39648K [0x00000000c0000000, 0x00000000c4300000, 0x00000000eab00000)
  object space 68608K, 57% used [0x00000000c0000000,0x00000000c26b8270,0x00000000c4300000)
 Metaspace       used 50451K, committed 51264K, reserved 1114112K
  class space    used 4939K, committed 5312K, reserved 1048576K
}
Event: 10.880 GC heap after
{Heap after GC invocations=30 (full 2):
 PSYoungGen      total 17408K, used 2784K [0x00000000eab00000, 0x00000000ec080000, 0x0000000100000000)
  eden space 14336K, 0% used [0x00000000eab00000,0x00000000eab00000,0x00000000eb900000)
  from space 3072K, 90% used [0x00000000ebd80000,0x00000000ec038010,0x00000000ec080000)
  to   space 3584K, 0% used [0x00000000eb980000,0x00000000eb980000,0x00000000ebd00000)
 ParOldGen       total 68608K, used 43222K [0x00000000c0000000, 0x00000000c4300000, 0x00000000eab00000)
  object space 68608K, 62% used [0x00000000c0000000,0x00000000c2a359b0,0x00000000c4300000)
 Metaspace       used 50451K, committed 51264K, reserved 1114112K
  class space    used 4939K, committed 5312K, reserved 1048576K
}
Event: 11.190 GC heap before
{Heap before GC invocations=31 (full 2):
 PSYoungGen      total 17408K, used 17088K [0x00000000eab00000, 0x00000000ec080000, 0x0000000100000000)
  eden space 14336K, 99% used [0x00000000eab00000,0x00000000eb8f8100,0x00000000eb900000)
  from space 3072K, 90% used [0x00000000ebd80000,0x00000000ec038010,0x00000000ec080000)
  to   space 3584K, 0% used [0x00000000eb980000,0x00000000eb980000,0x00000000ebd00000)
 ParOldGen       total 68608K, used 43222K [0x00000000c0000000, 0x00000000c4300000, 0x00000000eab00000)
  object space 68608K, 62% used [0x00000000c0000000,0x00000000c2a359b0,0x00000000c4300000)
 Metaspace       used 50946K, committed 51776K, reserved 1114112K
  class space    used 4954K, committed 5312K, reserved 1048576K
}
Event: 11.197 GC heap after
{Heap after GC invocations=31 (full 2):
 PSYoungGen      total 16896K, used 2206K [0x00000000eab00000, 0x00000000ebe00000, 0x0000000100000000)
  eden space 14336K, 0% used [0x00000000eab00000,0x00000000eab00000,0x00000000eb900000)
  from space 2560K, 86% used [0x00000000eb980000,0x00000000ebba7bd0,0x00000000ebc00000)
  to   space 2048K, 0% used [0x00000000ebc00000,0x00000000ebc00000,0x00000000ebe00000)
 ParOldGen       total 68608K, used 45673K [0x00000000c0000000, 0x00000000c4300000, 0x00000000eab00000)
  object space 68608K, 66% used [0x00000000c0000000,0x00000000c2c9a708,0x00000000c4300000)
 Metaspace       used 50946K, committed 51776K, reserved 1114112K
  class space    used 4954K, committed 5312K, reserved 1048576K
}
Event: 11.731 GC heap before
{Heap before GC invocations=32 (full 2):
 PSYoungGen      total 16896K, used 16542K [0x00000000eab00000, 0x00000000ebe00000, 0x0000000100000000)
  eden space 14336K, 100% used [0x00000000eab00000,0x00000000eb900000,0x00000000eb900000)
  from space 2560K, 86% used [0x00000000eb980000,0x00000000ebba7bd0,0x00000000ebc00000)
  to   space 2048K, 0% used [0x00000000ebc00000,0x00000000ebc00000,0x00000000ebe00000)
 ParOldGen       total 68608K, used 45673K [0x00000000c0000000, 0x00000000c4300000, 0x00000000eab00000)
  object space 68608K, 66% used [0x00000000c0000000,0x00000000c2c9a708,0x00000000c4300000)
 Metaspace       used 52059K, committed 52992K, reserved 1114112K
  class space    used 5037K, committed 5440K, reserved 1048576K
}
Event: 11.734 GC heap after
{Heap after GC invocations=32 (full 2):
 PSYoungGen      total 15872K, used 1388K [0x00000000eab00000, 0x00000000ebd80000, 0x0000000100000000)
  eden space 14336K, 0% used [0x00000000eab00000,0x00000000eab00000,0x00000000eb900000)
  from space 1536K, 90% used [0x00000000ebc00000,0x00000000ebd5b118,0x00000000ebd80000)
  to   space 2048K, 0% used [0x00000000eb980000,0x00000000eb980000,0x00000000ebb80000)
 ParOldGen       total 68608K, used 46909K [0x00000000c0000000, 0x00000000c4300000, 0x00000000eab00000)
  object space 68608K, 68% used [0x00000000c0000000,0x00000000c2dcf6e8,0x00000000c4300000)
 Metaspace       used 52059K, committed 52992K, reserved 1114112K
  class space    used 5037K, committed 5440K, reserved 1048576K
}

