# JRE version: OpenJDK Runtime Environment Temurin-17.0.13+11 (17.0.13+11) (build 17.0.13+11)
# Java VM: OpenJDK 64-Bit Server VM Temurin-17.0.13+11 (17.0.13+11, mixed mode, tiered, compressed oops, compressed class ptrs, parallel gc, windows-amd64)
GC Precious Log:
 CPUs: 12 total, 12 available
 Memory: 7860M
 Large Page Support: Disabled
 NUMA Support: Disabled
 Compressed Oops: Enabled (32-bit)
 Alignments: Space 512K, Generation 512K, Heap 2M
 Heap Min Capacity: 100M
 Heap Initial Capacity: 100M
 Heap Max Capacity: 1G
 Pre-touch: Disabled
 Parallel Workers: 10
Heap:
 PSYoungGen      total 5632K, used 515K [0x00000000eab00000, 0x00000000eb300000, 0x0000000100000000)
  eden space 4608K, 4% used [0x00000000eab00000,0x00000000eab30ff0,0x00000000eaf80000)
  from space 1024K, 31% used [0x00000000eb100000,0x00000000eb150000,0x00000000eb200000)
  to   space 512K, 0% used [0x00000000eb280000,0x00000000eb280000,0x00000000eb300000)
 ParOldGen       total 262656K, used 249614K [0x00000000c0000000, 0x00000000d0080000, 0x00000000eab00000)
  object space 262656K, 95% used [0x00000000c0000000,0x00000000cf3c38d0,0x00000000d0080000)
 Metaspace       used 88688K, committed 90112K, reserved 1179648K
  class space    used 9318K, committed 9920K, reserved 1048576K
GC Heap History (20 events):
Event: 553.142 GC heap before
{Heap before GC invocations=599 (full 13):
 PSYoungGen      total 5632K, used 5264K [0x00000000eab00000, 0x00000000eb480000, 0x0000000100000000)
  eden space 4608K, 100% used [0x00000000eab00000,0x00000000eaf80000,0x00000000eaf80000)
  from space 1024K, 64% used [0x00000000eb380000,0x00000000eb424010,0x00000000eb480000)
  to   space 2048K, 0% used [0x00000000eb080000,0x00000000eb080000,0x00000000eb280000)
 ParOldGen       total 262656K, used 248597K [0x00000000c0000000, 0x00000000d0080000, 0x00000000eab00000)
  object space 262656K, 94% used [0x00000000c0000000,0x00000000cf2c5450,0x00000000d0080000)
 Metaspace       used 88490K, committed 89920K, reserved 1179648K
  class space    used 9314K, committed 9920K, reserved 1048576K
}
Event: 553.143 GC heap after
{Heap after GC invocations=599 (full 13):
 PSYoungGen      total 6656K, used 384K [0x00000000eab00000, 0x00000000eb400000, 0x0000000100000000)
  eden space 4608K, 0% used [0x00000000eab00000,0x00000000eab00000,0x00000000eaf80000)
  from space 2048K, 18% used [0x00000000eb080000,0x00000000eb0e0020,0x00000000eb280000)
  to   space 1024K, 0% used [0x00000000eb300000,0x00000000eb300000,0x00000000eb400000)
 ParOldGen       total 262656K, used 248650K [0x00000000c0000000, 0x00000000d0080000, 0x00000000eab00000)
  object space 262656K, 94% used [0x00000000c0000000,0x00000000cf2d2b70,0x00000000d0080000)
 Metaspace       used 88490K, committed 89920K, reserved 1179648K
  class space    used 9314K, committed 9920K, reserved 1048576K
}
Event: 553.375 GC heap before
{Heap before GC invocations=600 (full 13):
 PSYoungGen      total 6656K, used 4992K [0x00000000eab00000, 0x00000000eb400000, 0x0000000100000000)
  eden space 4608K, 100% used [0x00000000eab00000,0x00000000eaf80000,0x00000000eaf80000)
  from space 2048K, 18% used [0x00000000eb080000,0x00000000eb0e0020,0x00000000eb280000)
  to   space 1024K, 0% used [0x00000000eb300000,0x00000000eb300000,0x00000000eb400000)
 ParOldGen       total 262656K, used 248650K [0x00000000c0000000, 0x00000000d0080000, 0x00000000eab00000)
  object space 262656K, 94% used [0x00000000c0000000,0x00000000cf2d2b70,0x00000000d0080000)
 Metaspace       used 88525K, committed 89984K, reserved 1179648K
  class space    used 9314K, committed 9920K, reserved 1048576K
}
Event: 553.378 GC heap after
{Heap after GC invocations=600 (full 13):
 PSYoungGen      total 5632K, used 640K [0x00000000eab00000, 0x00000000eb400000, 0x0000000100000000)
  eden space 4608K, 0% used [0x00000000eab00000,0x00000000eab00000,0x00000000eaf80000)
  from space 1024K, 62% used [0x00000000eb300000,0x00000000eb3a0000,0x00000000eb400000)
  to   space 1024K, 0% used [0x00000000eb200000,0x00000000eb200000,0x00000000eb300000)
 ParOldGen       total 262656K, used 248793K [0x00000000c0000000, 0x00000000d0080000, 0x00000000eab00000)
  object space 262656K, 94% used [0x00000000c0000000,0x00000000cf2f65d0,0x00000000d0080000)
 Metaspace       used 88525K, committed 89984K, reserved 1179648K
  class space    used 9314K, committed 9920K, reserved 1048576K
}
Event: 553.704 GC heap before
{Heap before GC invocations=601 (full 13):
 PSYoungGen      total 5632K, used 5248K [0x00000000eab00000, 0x00000000eb400000, 0x0000000100000000)
  eden space 4608K, 100% used [0x00000000eab00000,0x00000000eaf80000,0x00000000eaf80000)
  from space 1024K, 62% used [0x00000000eb300000,0x00000000eb3a0000,0x00000000eb400000)
  to   space 1024K, 0% used [0x00000000eb200000,0x00000000eb200000,0x00000000eb300000)
 ParOldGen       total 262656K, used 248793K [0x00000000c0000000, 0x00000000d0080000, 0x00000000eab00000)
  object space 262656K, 94% used [0x00000000c0000000,0x00000000cf2f65d0,0x00000000d0080000)
 Metaspace       used 88533K, committed 89984K, reserved 1179648K
  class space    used 9314K, committed 9920K, reserved 1048576K
}
Event: 553.707 GC heap after
{Heap after GC invocations=601 (full 13):
 PSYoungGen      total 5632K, used 512K [0x00000000eab00000, 0x00000000eb380000, 0x0000000100000000)
  eden space 4608K, 0% used [0x00000000eab00000,0x00000000eab00000,0x00000000eaf80000)
  from space 1024K, 50% used [0x00000000eb200000,0x00000000eb280020,0x00000000eb300000)
  to   space 512K, 0% used [0x00000000eb300000,0x00000000eb300000,0x00000000eb380000)
 ParOldGen       total 262656K, used 248793K [0x00000000c0000000, 0x00000000d0080000, 0x00000000eab00000)
  object space 262656K, 94% used [0x00000000c0000000,0x00000000cf2f65d0,0x00000000d0080000)
 Metaspace       used 88533K, committed 89984K, reserved 1179648K
  class space    used 9314K, committed 9920K, reserved 1048576K
}
Event: 553.805 GC heap before
{Heap before GC invocations=602 (full 13):
 PSYoungGen      total 5632K, used 5119K [0x00000000eab00000, 0x00000000eb380000, 0x0000000100000000)
  eden space 4608K, 99% used [0x00000000eab00000,0x00000000eaf7ffd0,0x00000000eaf80000)
  from space 1024K, 50% used [0x00000000eb200000,0x00000000eb280020,0x00000000eb300000)
  to   space 512K, 0% used [0x00000000eb300000,0x00000000eb300000,0x00000000eb380000)
 ParOldGen       total 262656K, used 248793K [0x00000000c0000000, 0x00000000d0080000, 0x00000000eab00000)
  object space 262656K, 94% used [0x00000000c0000000,0x00000000cf2f65d0,0x00000000d0080000)
 Metaspace       used 88553K, committed 89984K, reserved 1179648K
  class space    used 9314K, committed 9920K, reserved 1048576K
}
Event: 553.807 GC heap after
{Heap after GC invocations=602 (full 13):
 PSYoungGen      total 5120K, used 480K [0x00000000eab00000, 0x00000000eb380000, 0x0000000100000000)
  eden space 4608K, 0% used [0x00000000eab00000,0x00000000eab00000,0x00000000eaf80000)
  from space 512K, 93% used [0x00000000eb300000,0x00000000eb378020,0x00000000eb380000)
  to   space 1024K, 0% used [0x00000000eb180000,0x00000000eb180000,0x00000000eb280000)
 ParOldGen       total 262656K, used 248973K [0x00000000c0000000, 0x00000000d0080000, 0x00000000eab00000)
  object space 262656K, 94% used [0x00000000c0000000,0x00000000cf3235e0,0x00000000d0080000)
 Metaspace       used 88553K, committed 89984K, reserved 1179648K
  class space    used 9314K, committed 9920K, reserved 1048576K
}
Event: 554.160 GC heap before
{Heap before GC invocations=603 (full 13):
 PSYoungGen      total 5120K, used 5088K [0x00000000eab00000, 0x00000000eb380000, 0x0000000100000000)
  eden space 4608K, 100% used [0x00000000eab00000,0x00000000eaf80000,0x00000000eaf80000)
  from space 512K, 93% used [0x00000000eb300000,0x00000000eb378020,0x00000000eb380000)
  to   space 1024K, 0% used [0x00000000eb180000,0x00000000eb180000,0x00000000eb280000)
 ParOldGen       total 262656K, used 248973K [0x00000000c0000000, 0x00000000d0080000, 0x00000000eab00000)
  object space 262656K, 94% used [0x00000000c0000000,0x00000000cf3235e0,0x00000000d0080000)
 Metaspace       used 88557K, committed 89984K, reserved 1179648K
  class space    used 9314K, committed 9920K, reserved 1048576K
}
Event: 554.163 GC heap after
{Heap after GC invocations=603 (full 13):
 PSYoungGen      total 5632K, used 496K [0x00000000eab00000, 0x00000000eb380000, 0x0000000100000000)
  eden space 4608K, 0% used [0x00000000eab00000,0x00000000eab00000,0x00000000eaf80000)
  from space 1024K, 48% used [0x00000000eb180000,0x00000000eb1fc010,0x00000000eb280000)
  to   space 1024K, 0% used [0x00000000eb280000,0x00000000eb280000,0x00000000eb380000)
 ParOldGen       total 262656K, used 249126K [0x00000000c0000000, 0x00000000d0080000, 0x00000000eab00000)
  object space 262656K, 94% used [0x00000000c0000000,0x00000000cf3498b0,0x00000000d0080000)
 Metaspace       used 88557K, committed 89984K, reserved 1179648K
  class space    used 9314K, committed 9920K, reserved 1048576K
}
Event: 569.084 GC heap before
{Heap before GC invocations=604 (full 13):
 PSYoungGen      total 5632K, used 5104K [0x00000000eab00000, 0x00000000eb380000, 0x0000000100000000)
  eden space 4608K, 100% used [0x00000000eab00000,0x00000000eaf80000,0x00000000eaf80000)
  from space 1024K, 48% used [0x00000000eb180000,0x00000000eb1fc010,0x00000000eb280000)
  to   space 1024K, 0% used [0x00000000eb280000,0x00000000eb280000,0x00000000eb380000)
 ParOldGen       total 262656K, used 249126K [0x00000000c0000000, 0x00000000d0080000, 0x00000000eab00000)
  object space 262656K, 94% used [0x00000000c0000000,0x00000000cf3498b0,0x00000000d0080000)
 Metaspace       used 88577K, committed 89984K, reserved 1179648K
  class space    used 9314K, committed 9920K, reserved 1048576K
}
Event: 569.088 GC heap after
{Heap after GC invocations=604 (full 13):
 PSYoungGen      total 5632K, used 560K [0x00000000eab00000, 0x00000000eb380000, 0x0000000100000000)
  eden space 4608K, 0% used [0x00000000eab00000,0x00000000eab00000,0x00000000eaf80000)
  from space 1024K, 54% used [0x00000000eb280000,0x00000000eb30c010,0x00000000eb380000)
  to   space 1024K, 0% used [0x00000000eb180000,0x00000000eb180000,0x00000000eb280000)
 ParOldGen       total 262656K, used 249126K [0x00000000c0000000, 0x00000000d0080000, 0x00000000eab00000)
  object space 262656K, 94% used [0x00000000c0000000,0x00000000cf3498b0,0x00000000d0080000)
 Metaspace       used 88577K, committed 89984K, reserved 1179648K
  class space    used 9314K, committed 9920K, reserved 1048576K
}
Event: 574.459 GC heap before
{Heap before GC invocations=605 (full 13):
 PSYoungGen      total 5632K, used 5168K [0x00000000eab00000, 0x00000000eb380000, 0x0000000100000000)
  eden space 4608K, 100% used [0x00000000eab00000,0x00000000eaf80000,0x00000000eaf80000)
  from space 1024K, 54% used [0x00000000eb280000,0x00000000eb30c010,0x00000000eb380000)
  to   space 1024K, 0% used [0x00000000eb180000,0x00000000eb180000,0x00000000eb280000)
 ParOldGen       total 262656K, used 249126K [0x00000000c0000000, 0x00000000d0080000, 0x00000000eab00000)
  object space 262656K, 94% used [0x00000000c0000000,0x00000000cf3498b0,0x00000000d0080000)
 Metaspace       used 88660K, committed 90112K, reserved 1179648K
  class space    used 9318K, committed 9920K, reserved 1048576K
}
Event: 574.461 GC heap after
{Heap after GC invocations=605 (full 13):
 PSYoungGen      total 5632K, used 656K [0x00000000eab00000, 0x00000000eb300000, 0x0000000100000000)
  eden space 4608K, 0% used [0x00000000eab00000,0x00000000eab00000,0x00000000eaf80000)
  from space 1024K, 64% used [0x00000000eb180000,0x00000000eb224030,0x00000000eb280000)
  to   space 512K, 0% used [0x00000000eb280000,0x00000000eb280000,0x00000000eb300000)
 ParOldGen       total 262656K, used 249126K [0x00000000c0000000, 0x00000000d0080000, 0x00000000eab00000)
  object space 262656K, 94% used [0x00000000c0000000,0x00000000cf3498b0,0x00000000d0080000)
 Metaspace       used 88660K, committed 90112K, reserved 1179648K
  class space    used 9318K, committed 9920K, reserved 1048576K
}
Event: 576.854 GC heap before
{Heap before GC invocations=606 (full 13):
 PSYoungGen      total 5632K, used 5264K [0x00000000eab00000, 0x00000000eb300000, 0x0000000100000000)
  eden space 4608K, 100% used [0x00000000eab00000,0x00000000eaf80000,0x00000000eaf80000)
  from space 1024K, 64% used [0x00000000eb180000,0x00000000eb224030,0x00000000eb280000)
  to   space 512K, 0% used [0x00000000eb280000,0x00000000eb280000,0x00000000eb300000)
 ParOldGen       total 262656K, used 249126K [0x00000000c0000000, 0x00000000d0080000, 0x00000000eab00000)
  object space 262656K, 94% used [0x00000000c0000000,0x00000000cf3498b0,0x00000000d0080000)
 Metaspace       used 88669K, committed 90112K, reserved 1179648K
  class space    used 9318K, committed 9920K, reserved 1048576K
}
Event: 576.855 GC heap after
{Heap after GC invocations=606 (full 13):
 PSYoungGen      total 5120K, used 480K [0x00000000eab00000, 0x00000000eb300000, 0x0000000100000000)
  eden space 4608K, 0% used [0x00000000eab00000,0x00000000eab00000,0x00000000eaf80000)
  from space 512K, 93% used [0x00000000eb280000,0x00000000eb2f8020,0x00000000eb300000)
  to   space 1024K, 0% used [0x00000000eb100000,0x00000000eb100000,0x00000000eb200000)
 ParOldGen       total 262656K, used 249230K [0x00000000c0000000, 0x00000000d0080000, 0x00000000eab00000)
  object space 262656K, 94% used [0x00000000c0000000,0x00000000cf3638b0,0x00000000d0080000)
 Metaspace       used 88669K, committed 90112K, reserved 1179648K
  class space    used 9318K, committed 9920K, reserved 1048576K
}
Event: 581.042 GC heap before
{Heap before GC invocations=607 (full 13):
 PSYoungGen      total 5120K, used 5087K [0x00000000eab00000, 0x00000000eb300000, 0x0000000100000000)
  eden space 4608K, 99% used [0x00000000eab00000,0x00000000eaf7ffa8,0x00000000eaf80000)
  from space 512K, 93% used [0x00000000eb280000,0x00000000eb2f8020,0x00000000eb300000)
  to   space 1024K, 0% used [0x00000000eb100000,0x00000000eb100000,0x00000000eb200000)
 ParOldGen       total 262656K, used 249230K [0x00000000c0000000, 0x00000000d0080000, 0x00000000eab00000)
  object space 262656K, 94% used [0x00000000c0000000,0x00000000cf3638b0,0x00000000d0080000)
 Metaspace       used 88669K, committed 90112K, reserved 1179648K
  class space    used 9318K, committed 9920K, reserved 1048576K
}
Event: 581.044 GC heap after
{Heap after GC invocations=607 (full 13):
 PSYoungGen      total 5632K, used 320K [0x00000000eab00000, 0x00000000eb300000, 0x0000000100000000)
  eden space 4608K, 0% used [0x00000000eab00000,0x00000000eab00000,0x00000000eaf80000)
  from space 1024K, 31% used [0x00000000eb100000,0x00000000eb150000,0x00000000eb200000)
  to   space 512K, 0% used [0x00000000eb280000,0x00000000eb280000,0x00000000eb300000)
 ParOldGen       total 262656K, used 249606K [0x00000000c0000000, 0x00000000d0080000, 0x00000000eab00000)
  object space 262656K, 95% used [0x00000000c0000000,0x00000000cf3c18d0,0x00000000d0080000)
 Metaspace       used 88669K, committed 90112K, reserved 1179648K
  class space    used 9318K, committed 9920K, reserved 1048576K
}
Event: 581.059 GC heap before
{Heap before GC invocations=608 (full 13):
 PSYoungGen      total 5632K, used 4928K [0x00000000eab00000, 0x00000000eb300000, 0x0000000100000000)
  eden space 4608K, 100% used [0x00000000eab00000,0x00000000eaf80000,0x00000000eaf80000)
  from space 1024K, 31% used [0x00000000eb100000,0x00000000eb150000,0x00000000eb200000)
  to   space 512K, 0% used [0x00000000eb280000,0x00000000eb280000,0x00000000eb300000)
 ParOldGen       total 262656K, used 249606K [0x00000000c0000000, 0x00000000d0080000, 0x00000000eab00000)
  object space 262656K, 95% used [0x00000000c0000000,0x00000000cf3c18d0,0x00000000d0080000)
 Metaspace       used 88671K, committed 90112K, reserved 1179648K
  class space    used 9318K, committed 9920K, reserved 1048576K
}
Event: 581.060 GC heap after
{Heap after GC invocations=608 (full 13):
 PSYoungGen      total 5120K, used 512K [0x00000000eab00000, 0x00000000eb300000, 0x0000000100000000)
  eden space 4608K, 0% used [0x00000000eab00000,0x00000000eab00000,0x00000000eaf80000)
  from space 512K, 100% used [0x00000000eb280000,0x00000000eb300000,0x00000000eb300000)
  to   space 1024K, 0% used [0x00000000eb100000,0x00000000eb100000,0x00000000eb200000)
 ParOldGen       total 262656K, used 249606K [0x00000000c0000000, 0x00000000d0080000, 0x00000000eab00000)
  object space 262656K, 95% used [0x00000000c0000000,0x00000000cf3c18d0,0x00000000d0080000)
 Metaspace       used 88671K, committed 90112K, reserved 1179648K
  class space    used 9318K, committed 9920K, reserved 1048576K
}

