# JRE version: OpenJDK Runtime Environment Temurin-17.0.13+11 (17.0.13+11) (build 17.0.13+11)
# Java VM: OpenJDK 64-Bit Server VM Temurin-17.0.13+11 (17.0.13+11, mixed mode, tiered, compressed oops, compressed class ptrs, parallel gc, windows-amd64)
GC Precious Log:
 CPUs: 12 total, 12 available
 Memory: 7860M
 Large Page Support: Disabled
 NUMA Support: Disabled
 Compressed Oops: Enabled (32-bit)
 Alignments: Space 512K, Generation 512K, Heap 2M
 Heap Min Capacity: 100M
 Heap Initial Capacity: 100M
 Heap Max Capacity: 1G
 Pre-touch: Disabled
 Parallel Workers: 10
Heap:
 PSYoungGen      total 16384K, used 15499K [0x00000000eab00000, 0x00000000ec200000, 0x0000000100000000)
  eden space 14336K, 93% used [0x00000000eab00000,0x00000000eb823850,0x00000000eb900000)
  from space 2048K, 99% used [0x00000000eb900000,0x00000000ebaff6e8,0x00000000ebb00000)
  to   space 4608K, 0% used [0x00000000ebd80000,0x00000000ebd80000,0x00000000ec200000)
 ParOldGen       total 68608K, used 63978K [0x00000000c0000000, 0x00000000c4300000, 0x00000000eab00000)
  object space 68608K, 93% used [0x00000000c0000000,0x00000000c3e7a950,0x00000000c4300000)
 Metaspace       used 53516K, committed 54656K, reserved 1114112K
  class space    used 5693K, committed 6208K, reserved 1048576K
GC Heap History (20 events):
Event: 4.273 GC heap before
{Heap before GC invocations=32 (full 2):
 PSYoungGen      total 17920K, used 17439K [0x00000000eab00000, 0x00000000ec000000, 0x0000000100000000)
  eden space 15360K, 100% used [0x00000000eab00000,0x00000000eba00000,0x00000000eba00000)
  from space 2560K, 81% used [0x00000000eba00000,0x00000000ebc07cd0,0x00000000ebc80000)
  to   space 3072K, 0% used [0x00000000ebd00000,0x00000000ebd00000,0x00000000ec000000)
 ParOldGen       total 68608K, used 46057K [0x00000000c0000000, 0x00000000c4300000, 0x00000000eab00000)
  object space 68608K, 67% used [0x00000000c0000000,0x00000000c2cfa448,0x00000000c4300000)
 Metaspace       used 50390K, committed 51520K, reserved 1114112K
  class space    used 5299K, committed 5824K, reserved 1048576K
}
Event: 4.275 GC heap after
{Heap after GC invocations=32 (full 2):
 PSYoungGen      total 17408K, used 1844K [0x00000000eab00000, 0x00000000ebf00000, 0x0000000100000000)
  eden space 15360K, 0% used [0x00000000eab00000,0x00000000eab00000,0x00000000eba00000)
  from space 2048K, 90% used [0x00000000ebd00000,0x00000000ebecd2b0,0x00000000ebf00000)
  to   space 2048K, 0% used [0x00000000ebb00000,0x00000000ebb00000,0x00000000ebd00000)
 ParOldGen       total 68608K, used 47845K [0x00000000c0000000, 0x00000000c4300000, 0x00000000eab00000)
  object space 68608K, 69% used [0x00000000c0000000,0x00000000c2eb9498,0x00000000c4300000)
 Metaspace       used 50390K, committed 51520K, reserved 1114112K
  class space    used 5299K, committed 5824K, reserved 1048576K
}
Event: 4.308 GC heap before
{Heap before GC invocations=33 (full 2):
 PSYoungGen      total 17408K, used 17204K [0x00000000eab00000, 0x00000000ebf00000, 0x0000000100000000)
  eden space 15360K, 100% used [0x00000000eab00000,0x00000000eba00000,0x00000000eba00000)
  from space 2048K, 90% used [0x00000000ebd00000,0x00000000ebecd2b0,0x00000000ebf00000)
  to   space 2048K, 0% used [0x00000000ebb00000,0x00000000ebb00000,0x00000000ebd00000)
 ParOldGen       total 68608K, used 47847K [0x00000000c0000000, 0x00000000c4300000, 0x00000000eab00000)
  object space 68608K, 69% used [0x00000000c0000000,0x00000000c2eb9fa8,0x00000000c4300000)
 Metaspace       used 50628K, committed 51712K, reserved 1114112K
  class space    used 5342K, committed 5824K, reserved 1048576K
}
Event: 4.311 GC heap after
{Heap after GC invocations=33 (full 2):
 PSYoungGen      total 17408K, used 1814K [0x00000000eab00000, 0x00000000ebe00000, 0x0000000100000000)
  eden space 15360K, 0% used [0x00000000eab00000,0x00000000eab00000,0x00000000eba00000)
  from space 2048K, 88% used [0x00000000ebb00000,0x00000000ebcc5a80,0x00000000ebd00000)
  to   space 1024K, 0% used [0x00000000ebd00000,0x00000000ebd00000,0x00000000ebe00000)
 ParOldGen       total 68608K, used 49443K [0x00000000c0000000, 0x00000000c4300000, 0x00000000eab00000)
  object space 68608K, 72% used [0x00000000c0000000,0x00000000c3048c78,0x00000000c4300000)
 Metaspace       used 50628K, committed 51712K, reserved 1114112K
  class space    used 5342K, committed 5824K, reserved 1048576K
}
Event: 4.347 GC heap before
{Heap before GC invocations=34 (full 2):
 PSYoungGen      total 17408K, used 17174K [0x00000000eab00000, 0x00000000ebe00000, 0x0000000100000000)
  eden space 15360K, 100% used [0x00000000eab00000,0x00000000eba00000,0x00000000eba00000)
  from space 2048K, 88% used [0x00000000ebb00000,0x00000000ebcc5a80,0x00000000ebd00000)
  to   space 1024K, 0% used [0x00000000ebd00000,0x00000000ebd00000,0x00000000ebe00000)
 ParOldGen       total 68608K, used 49443K [0x00000000c0000000, 0x00000000c4300000, 0x00000000eab00000)
  object space 68608K, 72% used [0x00000000c0000000,0x00000000c3048c78,0x00000000c4300000)
 Metaspace       used 50955K, committed 52096K, reserved 1114112K
  class space    used 5380K, committed 5888K, reserved 1048576K
}
Event: 4.350 GC heap after
{Heap after GC invocations=34 (full 2):
 PSYoungGen      total 15360K, used 1024K [0x00000000eab00000, 0x00000000ec200000, 0x0000000100000000)
  eden space 14336K, 0% used [0x00000000eab00000,0x00000000eab00000,0x00000000eb900000)
  from space 1024K, 100% used [0x00000000ebd00000,0x00000000ebe00000,0x00000000ebe00000)
  to   space 4096K, 0% used [0x00000000eb900000,0x00000000eb900000,0x00000000ebd00000)
 ParOldGen       total 68608K, used 51869K [0x00000000c0000000, 0x00000000c4300000, 0x00000000eab00000)
  object space 68608K, 75% used [0x00000000c0000000,0x00000000c32a76f8,0x00000000c4300000)
 Metaspace       used 50955K, committed 52096K, reserved 1114112K
  class space    used 5380K, committed 5888K, reserved 1048576K
}
Event: 4.396 GC heap before
{Heap before GC invocations=35 (full 2):
 PSYoungGen      total 15360K, used 15354K [0x00000000eab00000, 0x00000000ec200000, 0x0000000100000000)
  eden space 14336K, 99% used [0x00000000eab00000,0x00000000eb8febf8,0x00000000eb900000)
  from space 1024K, 100% used [0x00000000ebd00000,0x00000000ebe00000,0x00000000ebe00000)
  to   space 4096K, 0% used [0x00000000eb900000,0x00000000eb900000,0x00000000ebd00000)
 ParOldGen       total 68608K, used 51869K [0x00000000c0000000, 0x00000000c4300000, 0x00000000eab00000)
  object space 68608K, 75% used [0x00000000c0000000,0x00000000c32a76f8,0x00000000c4300000)
 Metaspace       used 51291K, committed 52416K, reserved 1114112K
  class space    used 5426K, committed 5952K, reserved 1048576K
}
Event: 4.398 GC heap after
{Heap after GC invocations=35 (full 2):
 PSYoungGen      total 16384K, used 1679K [0x00000000eab00000, 0x00000000ebe00000, 0x0000000100000000)
  eden space 14336K, 0% used [0x00000000eab00000,0x00000000eab00000,0x00000000eb900000)
  from space 2048K, 82% used [0x00000000eb900000,0x00000000ebaa3f50,0x00000000ebb00000)
  to   space 2560K, 0% used [0x00000000ebb80000,0x00000000ebb80000,0x00000000ebe00000)
 ParOldGen       total 68608K, used 52886K [0x00000000c0000000, 0x00000000c4300000, 0x00000000eab00000)
  object space 68608K, 77% used [0x00000000c0000000,0x00000000c33a59c8,0x00000000c4300000)
 Metaspace       used 51291K, committed 52416K, reserved 1114112K
  class space    used 5426K, committed 5952K, reserved 1048576K
}
Event: 4.437 GC heap before
{Heap before GC invocations=36 (full 2):
 PSYoungGen      total 16384K, used 16015K [0x00000000eab00000, 0x00000000ebe00000, 0x0000000100000000)
  eden space 14336K, 100% used [0x00000000eab00000,0x00000000eb900000,0x00000000eb900000)
  from space 2048K, 82% used [0x00000000eb900000,0x00000000ebaa3f50,0x00000000ebb00000)
  to   space 2560K, 0% used [0x00000000ebb80000,0x00000000ebb80000,0x00000000ebe00000)
 ParOldGen       total 68608K, used 52887K [0x00000000c0000000, 0x00000000c4300000, 0x00000000eab00000)
  object space 68608K, 77% used [0x00000000c0000000,0x00000000c33a5e98,0x00000000c4300000)
 Metaspace       used 51603K, committed 52736K, reserved 1114112K
  class space    used 5458K, committed 5952K, reserved 1048576K
}
Event: 4.438 GC heap after
{Heap after GC invocations=36 (full 2):
 PSYoungGen      total 16896K, used 2381K [0x00000000eab00000, 0x00000000ebe00000, 0x0000000100000000)
  eden space 14336K, 0% used [0x00000000eab00000,0x00000000eab00000,0x00000000eb900000)
  from space 2560K, 93% used [0x00000000ebb80000,0x00000000ebdd3418,0x00000000ebe00000)
  to   space 2560K, 0% used [0x00000000eb900000,0x00000000eb900000,0x00000000ebb80000)
 ParOldGen       total 68608K, used 54388K [0x00000000c0000000, 0x00000000c4300000, 0x00000000eab00000)
  object space 68608K, 79% used [0x00000000c0000000,0x00000000c351d360,0x00000000c4300000)
 Metaspace       used 51603K, committed 52736K, reserved 1114112K
  class space    used 5458K, committed 5952K, reserved 1048576K
}
Event: 4.472 GC heap before
{Heap before GC invocations=37 (full 2):
 PSYoungGen      total 16896K, used 16717K [0x00000000eab00000, 0x00000000ebe00000, 0x0000000100000000)
  eden space 14336K, 100% used [0x00000000eab00000,0x00000000eb900000,0x00000000eb900000)
  from space 2560K, 93% used [0x00000000ebb80000,0x00000000ebdd3418,0x00000000ebe00000)
  to   space 2560K, 0% used [0x00000000eb900000,0x00000000eb900000,0x00000000ebb80000)
 ParOldGen       total 68608K, used 54391K [0x00000000c0000000, 0x00000000c4300000, 0x00000000eab00000)
  object space 68608K, 79% used [0x00000000c0000000,0x00000000c351dfb0,0x00000000c4300000)
 Metaspace       used 51790K, committed 52864K, reserved 1114112K
  class space    used 5481K, committed 5952K, reserved 1048576K
}
Event: 4.474 GC heap after
{Heap after GC invocations=37 (full 2):
 PSYoungGen      total 16896K, used 2225K [0x00000000eab00000, 0x00000000ebe00000, 0x0000000100000000)
  eden space 14336K, 0% used [0x00000000eab00000,0x00000000eab00000,0x00000000eb900000)
  from space 2560K, 86% used [0x00000000eb900000,0x00000000ebb2c500,0x00000000ebb80000)
  to   space 2560K, 0% used [0x00000000ebb80000,0x00000000ebb80000,0x00000000ebe00000)
 ParOldGen       total 68608K, used 56611K [0x00000000c0000000, 0x00000000c4300000, 0x00000000eab00000)
  object space 68608K, 82% used [0x00000000c0000000,0x00000000c3748fa8,0x00000000c4300000)
 Metaspace       used 51790K, committed 52864K, reserved 1114112K
  class space    used 5481K, committed 5952K, reserved 1048576K
}
Event: 4.514 GC heap before
{Heap before GC invocations=38 (full 2):
 PSYoungGen      total 16896K, used 16561K [0x00000000eab00000, 0x00000000ebe00000, 0x0000000100000000)
  eden space 14336K, 100% used [0x00000000eab00000,0x00000000eb900000,0x00000000eb900000)
  from space 2560K, 86% used [0x00000000eb900000,0x00000000ebb2c500,0x00000000ebb80000)
  to   space 2560K, 0% used [0x00000000ebb80000,0x00000000ebb80000,0x00000000ebe00000)
 ParOldGen       total 68608K, used 56611K [0x00000000c0000000, 0x00000000c4300000, 0x00000000eab00000)
  object space 68608K, 82% used [0x00000000c0000000,0x00000000c3748fa8,0x00000000c4300000)
 Metaspace       used 52183K, committed 53312K, reserved 1114112K
  class space    used 5515K, committed 6016K, reserved 1048576K
}
Event: 4.517 GC heap after
{Heap after GC invocations=38 (full 2):
 PSYoungGen      total 16896K, used 1950K [0x00000000eab00000, 0x00000000ebe00000, 0x0000000100000000)
  eden space 14336K, 0% used [0x00000000eab00000,0x00000000eab00000,0x00000000eb900000)
  from space 2560K, 76% used [0x00000000ebb80000,0x00000000ebd67b88,0x00000000ebe00000)
  to   space 2560K, 0% used [0x00000000eb900000,0x00000000eb900000,0x00000000ebb80000)
 ParOldGen       total 68608K, used 58557K [0x00000000c0000000, 0x00000000c4300000, 0x00000000eab00000)
  object space 68608K, 85% used [0x00000000c0000000,0x00000000c392f570,0x00000000c4300000)
 Metaspace       used 52183K, committed 53312K, reserved 1114112K
  class space    used 5515K, committed 6016K, reserved 1048576K
}
Event: 4.566 GC heap before
{Heap before GC invocations=39 (full 2):
 PSYoungGen      total 16896K, used 16286K [0x00000000eab00000, 0x00000000ebe00000, 0x0000000100000000)
  eden space 14336K, 100% used [0x00000000eab00000,0x00000000eb900000,0x00000000eb900000)
  from space 2560K, 76% used [0x00000000ebb80000,0x00000000ebd67b88,0x00000000ebe00000)
  to   space 2560K, 0% used [0x00000000eb900000,0x00000000eb900000,0x00000000ebb80000)
 ParOldGen       total 68608K, used 58557K [0x00000000c0000000, 0x00000000c4300000, 0x00000000eab00000)
  object space 68608K, 85% used [0x00000000c0000000,0x00000000c392f570,0x00000000c4300000)
 Metaspace       used 52571K, committed 53760K, reserved 1114112K
  class space    used 5568K, committed 6080K, reserved 1048576K
}
Event: 4.568 GC heap after
{Heap after GC invocations=39 (full 2):
 PSYoungGen      total 16384K, used 1807K [0x00000000eab00000, 0x00000000ebd00000, 0x0000000100000000)
  eden space 14336K, 0% used [0x00000000eab00000,0x00000000eab00000,0x00000000eb900000)
  from space 2048K, 88% used [0x00000000eb900000,0x00000000ebac3cf0,0x00000000ebb00000)
  to   space 2048K, 0% used [0x00000000ebb00000,0x00000000ebb00000,0x00000000ebd00000)
 ParOldGen       total 68608K, used 60416K [0x00000000c0000000, 0x00000000c4300000, 0x00000000eab00000)
  object space 68608K, 88% used [0x00000000c0000000,0x00000000c3b000e0,0x00000000c4300000)
 Metaspace       used 52571K, committed 53760K, reserved 1114112K
  class space    used 5568K, committed 6080K, reserved 1048576K
}
Event: 4.597 GC heap before
{Heap before GC invocations=40 (full 2):
 PSYoungGen      total 16384K, used 16143K [0x00000000eab00000, 0x00000000ebd00000, 0x0000000100000000)
  eden space 14336K, 100% used [0x00000000eab00000,0x00000000eb900000,0x00000000eb900000)
  from space 2048K, 88% used [0x00000000eb900000,0x00000000ebac3cf0,0x00000000ebb00000)
  to   space 2048K, 0% used [0x00000000ebb00000,0x00000000ebb00000,0x00000000ebd00000)
 ParOldGen       total 68608K, used 60429K [0x00000000c0000000, 0x00000000c4300000, 0x00000000eab00000)
  object space 68608K, 88% used [0x00000000c0000000,0x00000000c3b03490,0x00000000c4300000)
 Metaspace       used 52812K, committed 54016K, reserved 1114112K
  class space    used 5606K, committed 6144K, reserved 1048576K
}
Event: 4.599 GC heap after
{Heap after GC invocations=40 (full 2):
 PSYoungGen      total 16384K, used 1995K [0x00000000eab00000, 0x00000000ebd00000, 0x0000000100000000)
  eden space 14336K, 0% used [0x00000000eab00000,0x00000000eab00000,0x00000000eb900000)
  from space 2048K, 97% used [0x00000000ebb00000,0x00000000ebcf2ea0,0x00000000ebd00000)
  to   space 2048K, 0% used [0x00000000eb900000,0x00000000eb900000,0x00000000ebb00000)
 ParOldGen       total 68608K, used 62094K [0x00000000c0000000, 0x00000000c4300000, 0x00000000eab00000)
  object space 68608K, 90% used [0x00000000c0000000,0x00000000c3ca3990,0x00000000c4300000)
 Metaspace       used 52812K, committed 54016K, reserved 1114112K
  class space    used 5606K, committed 6144K, reserved 1048576K
}
Event: 4.636 GC heap before
{Heap before GC invocations=41 (full 2):
 PSYoungGen      total 16384K, used 16331K [0x00000000eab00000, 0x00000000ebd00000, 0x0000000100000000)
  eden space 14336K, 100% used [0x00000000eab00000,0x00000000eb900000,0x00000000eb900000)
  from space 2048K, 97% used [0x00000000ebb00000,0x00000000ebcf2ea0,0x00000000ebd00000)
  to   space 2048K, 0% used [0x00000000eb900000,0x00000000eb900000,0x00000000ebb00000)
 ParOldGen       total 68608K, used 62097K [0x00000000c0000000, 0x00000000c4300000, 0x00000000eab00000)
  object space 68608K, 90% used [0x00000000c0000000,0x00000000c3ca4578,0x00000000c4300000)
 Metaspace       used 53175K, committed 54336K, reserved 1114112K
  class space    used 5652K, committed 6144K, reserved 1048576K
}
Event: 4.638 GC heap after
{Heap after GC invocations=41 (full 2):
 PSYoungGen      total 16384K, used 2045K [0x00000000eab00000, 0x00000000ec200000, 0x0000000100000000)
  eden space 14336K, 0% used [0x00000000eab00000,0x00000000eab00000,0x00000000eb900000)
  from space 2048K, 99% used [0x00000000eb900000,0x00000000ebaff6e8,0x00000000ebb00000)
  to   space 4608K, 0% used [0x00000000ebd80000,0x00000000ebd80000,0x00000000ec200000)
 ParOldGen       total 68608K, used 63978K [0x00000000c0000000, 0x00000000c4300000, 0x00000000eab00000)
  object space 68608K, 93% used [0x00000000c0000000,0x00000000c3e7a950,0x00000000c4300000)
 Metaspace       used 53175K, committed 54336K, reserved 1114112K
  class space    used 5652K, committed 6144K, reserved 1048576K
}

