# JRE version: OpenJDK Runtime Environment Temurin-17.0.13+11 (17.0.13+11) (build 17.0.13+11)
# Java VM: OpenJDK 64-Bit Server VM Temurin-17.0.13+11 (17.0.13+11, mixed mode, tiered, compressed oops, compressed class ptrs, parallel gc, windows-amd64)
GC Precious Log:
 CPUs: 12 total, 12 available
 Memory: 7860M
 Large Page Support: Disabled
 NUMA Support: Disabled
 Compressed Oops: Enabled (32-bit)
 Alignments: Space 512K, Generation 512K, Heap 2M
 Heap Min Capacity: 100M
 Heap Initial Capacity: 100M
 Heap Max Capacity: 1G
 Pre-touch: Disabled
 Parallel Workers: 10
Heap:
 PSYoungGen      total 6144K, used 1903K [0x00000000eab00000, 0x00000000eb280000, 0x0000000100000000)
  eden space 4608K, 16% used [0x00000000eab00000,0x00000000eabbf300,0x00000000eaf80000)
  from space 1536K, 74% used [0x00000000eaf80000,0x00000000eb09cac0,0x00000000eb100000)
  to   space 1536K, 0% used [0x00000000eb100000,0x00000000eb100000,0x00000000eb280000)
 ParOldGen       total 71168K, used 61450K [0x00000000c0000000, 0x00000000c4580000, 0x00000000eab00000)
  object space 71168K, 86% used [0x00000000c0000000,0x00000000c3c02af8,0x00000000c4580000)
 Metaspace       used 94479K, committed 95936K, reserved 1179648K
  class space    used 9428K, committed 10112K, reserved 1048576K
GC Heap History (20 events):
Event: 4423.778 GC heap before
{Heap before GC invocations=4763 (full 78):
 PSYoungGen      total 5120K, used 4896K [0x00000000eab00000, 0x00000000eb300000, 0x0000000100000000)
  eden space 4608K, 100% used [0x00000000eab00000,0x00000000eaf80000,0x00000000eaf80000)
  from space 512K, 56% used [0x00000000eb200000,0x00000000eb248000,0x00000000eb280000)
  to   space 512K, 0% used [0x00000000eb280000,0x00000000eb280000,0x00000000eb300000)
 ParOldGen       total 71168K, used 58543K [0x00000000c0000000, 0x00000000c4580000, 0x00000000eab00000)
  object space 71168K, 82% used [0x00000000c0000000,0x00000000c392bd20,0x00000000c4580000)
 Metaspace       used 94336K, committed 95808K, reserved 1179648K
  class space    used 9412K, committed 10112K, reserved 1048576K
}
Event: 4423.781 GC heap after
{Heap after GC invocations=4763 (full 78):
 PSYoungGen      total 5120K, used 496K [0x00000000eab00000, 0x00000000eb300000, 0x0000000100000000)
  eden space 4608K, 0% used [0x00000000eab00000,0x00000000eab00000,0x00000000eaf80000)
  from space 512K, 96% used [0x00000000eb280000,0x00000000eb2fc030,0x00000000eb300000)
  to   space 1024K, 0% used [0x00000000eb100000,0x00000000eb100000,0x00000000eb200000)
 ParOldGen       total 71168K, used 58890K [0x00000000c0000000, 0x00000000c4580000, 0x00000000eab00000)
  object space 71168K, 82% used [0x00000000c0000000,0x00000000c3982bd0,0x00000000c4580000)
 Metaspace       used 94336K, committed 95808K, reserved 1179648K
  class space    used 9412K, committed 10112K, reserved 1048576K
}
Event: 4424.063 GC heap before
{Heap before GC invocations=4764 (full 78):
 PSYoungGen      total 5120K, used 5103K [0x00000000eab00000, 0x00000000eb300000, 0x0000000100000000)
  eden space 4608K, 99% used [0x00000000eab00000,0x00000000eaf7ff90,0x00000000eaf80000)
  from space 512K, 96% used [0x00000000eb280000,0x00000000eb2fc030,0x00000000eb300000)
  to   space 1024K, 0% used [0x00000000eb100000,0x00000000eb100000,0x00000000eb200000)
 ParOldGen       total 71168K, used 58890K [0x00000000c0000000, 0x00000000c4580000, 0x00000000eab00000)
  object space 71168K, 82% used [0x00000000c0000000,0x00000000c3982bd0,0x00000000c4580000)
 Metaspace       used 94393K, committed 95808K, reserved 1179648K
  class space    used 9423K, committed 10112K, reserved 1048576K
}
Event: 4424.065 GC heap after
{Heap after GC invocations=4764 (full 78):
 PSYoungGen      total 5632K, used 352K [0x00000000eab00000, 0x00000000eb300000, 0x0000000100000000)
  eden space 4608K, 0% used [0x00000000eab00000,0x00000000eab00000,0x00000000eaf80000)
  from space 1024K, 34% used [0x00000000eb100000,0x00000000eb158000,0x00000000eb200000)
  to   space 1024K, 0% used [0x00000000eb200000,0x00000000eb200000,0x00000000eb300000)
 ParOldGen       total 71168K, used 59066K [0x00000000c0000000, 0x00000000c4580000, 0x00000000eab00000)
  object space 71168K, 82% used [0x00000000c0000000,0x00000000c39aebf0,0x00000000c4580000)
 Metaspace       used 94393K, committed 95808K, reserved 1179648K
  class space    used 9423K, committed 10112K, reserved 1048576K
}
Event: 4424.347 GC heap before
{Heap before GC invocations=4765 (full 78):
 PSYoungGen      total 5632K, used 4960K [0x00000000eab00000, 0x00000000eb300000, 0x0000000100000000)
  eden space 4608K, 100% used [0x00000000eab00000,0x00000000eaf80000,0x00000000eaf80000)
  from space 1024K, 34% used [0x00000000eb100000,0x00000000eb158000,0x00000000eb200000)
  to   space 1024K, 0% used [0x00000000eb200000,0x00000000eb200000,0x00000000eb300000)
 ParOldGen       total 71168K, used 59066K [0x00000000c0000000, 0x00000000c4580000, 0x00000000eab00000)
  object space 71168K, 82% used [0x00000000c0000000,0x00000000c39aebf0,0x00000000c4580000)
 Metaspace       used 94438K, committed 95872K, reserved 1179648K
  class space    used 9428K, committed 10112K, reserved 1048576K
}
Event: 4424.348 GC heap after
{Heap after GC invocations=4765 (full 78):
 PSYoungGen      total 5120K, used 256K [0x00000000eab00000, 0x00000000eb280000, 0x0000000100000000)
  eden space 4608K, 0% used [0x00000000eab00000,0x00000000eab00000,0x00000000eaf80000)
  from space 512K, 50% used [0x00000000eb200000,0x00000000eb240000,0x00000000eb280000)
  to   space 512K, 0% used [0x00000000eb180000,0x00000000eb180000,0x00000000eb200000)
 ParOldGen       total 71168K, used 59114K [0x00000000c0000000, 0x00000000c4580000, 0x00000000eab00000)
  object space 71168K, 83% used [0x00000000c0000000,0x00000000c39babf0,0x00000000c4580000)
 Metaspace       used 94438K, committed 95872K, reserved 1179648K
  class space    used 9428K, committed 10112K, reserved 1048576K
}
Event: 4424.544 GC heap before
{Heap before GC invocations=4766 (full 78):
 PSYoungGen      total 5120K, used 4864K [0x00000000eab00000, 0x00000000eb280000, 0x0000000100000000)
  eden space 4608K, 100% used [0x00000000eab00000,0x00000000eaf80000,0x00000000eaf80000)
  from space 512K, 50% used [0x00000000eb200000,0x00000000eb240000,0x00000000eb280000)
  to   space 512K, 0% used [0x00000000eb180000,0x00000000eb180000,0x00000000eb200000)
 ParOldGen       total 71168K, used 59114K [0x00000000c0000000, 0x00000000c4580000, 0x00000000eab00000)
  object space 71168K, 83% used [0x00000000c0000000,0x00000000c39babf0,0x00000000c4580000)
 Metaspace       used 94439K, committed 95872K, reserved 1179648K
  class space    used 9428K, committed 10112K, reserved 1048576K
}
Event: 4424.546 GC heap after
{Heap after GC invocations=4766 (full 78):
 PSYoungGen      total 5120K, used 480K [0x00000000eab00000, 0x00000000eb280000, 0x0000000100000000)
  eden space 4608K, 0% used [0x00000000eab00000,0x00000000eab00000,0x00000000eaf80000)
  from space 512K, 93% used [0x00000000eb180000,0x00000000eb1f8020,0x00000000eb200000)
  to   space 512K, 0% used [0x00000000eb200000,0x00000000eb200000,0x00000000eb280000)
 ParOldGen       total 71168K, used 59274K [0x00000000c0000000, 0x00000000c4580000, 0x00000000eab00000)
  object space 71168K, 83% used [0x00000000c0000000,0x00000000c39e2bf0,0x00000000c4580000)
 Metaspace       used 94439K, committed 95872K, reserved 1179648K
  class space    used 9428K, committed 10112K, reserved 1048576K
}
Event: 4428.443 GC heap before
{Heap before GC invocations=4767 (full 78):
 PSYoungGen      total 5120K, used 5088K [0x00000000eab00000, 0x00000000eb280000, 0x0000000100000000)
  eden space 4608K, 100% used [0x00000000eab00000,0x00000000eaf80000,0x00000000eaf80000)
  from space 512K, 93% used [0x00000000eb180000,0x00000000eb1f8020,0x00000000eb200000)
  to   space 512K, 0% used [0x00000000eb200000,0x00000000eb200000,0x00000000eb280000)
 ParOldGen       total 71168K, used 59274K [0x00000000c0000000, 0x00000000c4580000, 0x00000000eab00000)
  object space 71168K, 83% used [0x00000000c0000000,0x00000000c39e2bf0,0x00000000c4580000)
 Metaspace       used 94444K, committed 95872K, reserved 1179648K
  class space    used 9428K, committed 10112K, reserved 1048576K
}
Event: 4428.444 GC heap after
{Heap after GC invocations=4767 (full 78):
 PSYoungGen      total 5120K, used 480K [0x00000000eab00000, 0x00000000eb280000, 0x0000000100000000)
  eden space 4608K, 0% used [0x00000000eab00000,0x00000000eab00000,0x00000000eaf80000)
  from space 512K, 93% used [0x00000000eb200000,0x00000000eb278020,0x00000000eb280000)
  to   space 1024K, 0% used [0x00000000eb080000,0x00000000eb080000,0x00000000eb180000)
 ParOldGen       total 71168K, used 59694K [0x00000000c0000000, 0x00000000c4580000, 0x00000000eab00000)
  object space 71168K, 83% used [0x00000000c0000000,0x00000000c3a4bac0,0x00000000c4580000)
 Metaspace       used 94444K, committed 95872K, reserved 1179648K
  class space    used 9428K, committed 10112K, reserved 1048576K
}
Event: 4429.111 GC heap before
{Heap before GC invocations=4768 (full 78):
 PSYoungGen      total 5120K, used 5088K [0x00000000eab00000, 0x00000000eb280000, 0x0000000100000000)
  eden space 4608K, 100% used [0x00000000eab00000,0x00000000eaf80000,0x00000000eaf80000)
  from space 512K, 93% used [0x00000000eb200000,0x00000000eb278020,0x00000000eb280000)
  to   space 1024K, 0% used [0x00000000eb080000,0x00000000eb080000,0x00000000eb180000)
 ParOldGen       total 71168K, used 59694K [0x00000000c0000000, 0x00000000c4580000, 0x00000000eab00000)
  object space 71168K, 83% used [0x00000000c0000000,0x00000000c3a4bac0,0x00000000c4580000)
 Metaspace       used 94449K, committed 95872K, reserved 1179648K
  class space    used 9428K, committed 10112K, reserved 1048576K
}
Event: 4429.113 GC heap after
{Heap after GC invocations=4768 (full 78):
 PSYoungGen      total 5632K, used 992K [0x00000000eab00000, 0x00000000eb280000, 0x0000000100000000)
  eden space 4608K, 0% used [0x00000000eab00000,0x00000000eab00000,0x00000000eaf80000)
  from space 1024K, 96% used [0x00000000eb080000,0x00000000eb178020,0x00000000eb180000)
  to   space 1024K, 0% used [0x00000000eb180000,0x00000000eb180000,0x00000000eb280000)
 ParOldGen       total 71168K, used 59908K [0x00000000c0000000, 0x00000000c4580000, 0x00000000eab00000)
  object space 71168K, 84% used [0x00000000c0000000,0x00000000c3a81348,0x00000000c4580000)
 Metaspace       used 94449K, committed 95872K, reserved 1179648K
  class space    used 9428K, committed 10112K, reserved 1048576K
}
Event: 4434.399 GC heap before
{Heap before GC invocations=4769 (full 78):
 PSYoungGen      total 5632K, used 5600K [0x00000000eab00000, 0x00000000eb280000, 0x0000000100000000)
  eden space 4608K, 100% used [0x00000000eab00000,0x00000000eaf80000,0x00000000eaf80000)
  from space 1024K, 96% used [0x00000000eb080000,0x00000000eb178020,0x00000000eb180000)
  to   space 1024K, 0% used [0x00000000eb180000,0x00000000eb180000,0x00000000eb280000)
 ParOldGen       total 71168K, used 59908K [0x00000000c0000000, 0x00000000c4580000, 0x00000000eab00000)
  object space 71168K, 84% used [0x00000000c0000000,0x00000000c3a81348,0x00000000c4580000)
 Metaspace       used 94451K, committed 95872K, reserved 1179648K
  class space    used 9428K, committed 10112K, reserved 1048576K
}
Event: 4434.402 GC heap after
{Heap after GC invocations=4769 (full 78):
 PSYoungGen      total 5632K, used 736K [0x00000000eab00000, 0x00000000eb280000, 0x0000000100000000)
  eden space 4608K, 0% used [0x00000000eab00000,0x00000000eab00000,0x00000000eaf80000)
  from space 1024K, 71% used [0x00000000eb180000,0x00000000eb238000,0x00000000eb280000)
  to   space 1024K, 0% used [0x00000000eb080000,0x00000000eb080000,0x00000000eb180000)
 ParOldGen       total 71168K, used 59908K [0x00000000c0000000, 0x00000000c4580000, 0x00000000eab00000)
  object space 71168K, 84% used [0x00000000c0000000,0x00000000c3a81348,0x00000000c4580000)
 Metaspace       used 94451K, committed 95872K, reserved 1179648K
  class space    used 9428K, committed 10112K, reserved 1048576K
}
Event: 4434.663 GC heap before
{Heap before GC invocations=4770 (full 78):
 PSYoungGen      total 5632K, used 5344K [0x00000000eab00000, 0x00000000eb280000, 0x0000000100000000)
  eden space 4608K, 100% used [0x00000000eab00000,0x00000000eaf80000,0x00000000eaf80000)
  from space 1024K, 71% used [0x00000000eb180000,0x00000000eb238000,0x00000000eb280000)
  to   space 1024K, 0% used [0x00000000eb080000,0x00000000eb080000,0x00000000eb180000)
 ParOldGen       total 71168K, used 59908K [0x00000000c0000000, 0x00000000c4580000, 0x00000000eab00000)
  object space 71168K, 84% used [0x00000000c0000000,0x00000000c3a81348,0x00000000c4580000)
 Metaspace       used 94451K, committed 95872K, reserved 1179648K
  class space    used 9428K, committed 10112K, reserved 1048576K
}
Event: 4434.666 GC heap after
{Heap after GC invocations=4770 (full 78):
 PSYoungGen      total 5632K, used 992K [0x00000000eab00000, 0x00000000eb280000, 0x0000000100000000)
  eden space 4608K, 0% used [0x00000000eab00000,0x00000000eab00000,0x00000000eaf80000)
  from space 1024K, 96% used [0x00000000eb080000,0x00000000eb178040,0x00000000eb180000)
  to   space 1024K, 0% used [0x00000000eb180000,0x00000000eb180000,0x00000000eb280000)
 ParOldGen       total 71168K, used 60291K [0x00000000c0000000, 0x00000000c4580000, 0x00000000eab00000)
  object space 71168K, 84% used [0x00000000c0000000,0x00000000c3ae0d58,0x00000000c4580000)
 Metaspace       used 94451K, committed 95872K, reserved 1179648K
  class space    used 9428K, committed 10112K, reserved 1048576K
}
Event: 4435.671 GC heap before
{Heap before GC invocations=4771 (full 78):
 PSYoungGen      total 5632K, used 5600K [0x00000000eab00000, 0x00000000eb280000, 0x0000000100000000)
  eden space 4608K, 100% used [0x00000000eab00000,0x00000000eaf80000,0x00000000eaf80000)
  from space 1024K, 96% used [0x00000000eb080000,0x00000000eb178040,0x00000000eb180000)
  to   space 1024K, 0% used [0x00000000eb180000,0x00000000eb180000,0x00000000eb280000)
 ParOldGen       total 71168K, used 60291K [0x00000000c0000000, 0x00000000c4580000, 0x00000000eab00000)
  object space 71168K, 84% used [0x00000000c0000000,0x00000000c3ae0d58,0x00000000c4580000)
 Metaspace       used 94451K, committed 95872K, reserved 1179648K
  class space    used 9428K, committed 10112K, reserved 1048576K
}
Event: 4435.675 GC heap after
{Heap after GC invocations=4771 (full 78):
 PSYoungGen      total 5632K, used 992K [0x00000000eab00000, 0x00000000eb280000, 0x0000000100000000)
  eden space 4608K, 0% used [0x00000000eab00000,0x00000000eab00000,0x00000000eaf80000)
  from space 1024K, 96% used [0x00000000eb180000,0x00000000eb278060,0x00000000eb280000)
  to   space 1536K, 0% used [0x00000000eaf80000,0x00000000eaf80000,0x00000000eb100000)
 ParOldGen       total 71168K, used 60635K [0x00000000c0000000, 0x00000000c4580000, 0x00000000eab00000)
  object space 71168K, 85% used [0x00000000c0000000,0x00000000c3b36d58,0x00000000c4580000)
 Metaspace       used 94451K, committed 95872K, reserved 1179648K
  class space    used 9428K, committed 10112K, reserved 1048576K
}
Event: 4439.393 GC heap before
{Heap before GC invocations=4772 (full 78):
 PSYoungGen      total 5632K, used 5600K [0x00000000eab00000, 0x00000000eb280000, 0x0000000100000000)
  eden space 4608K, 100% used [0x00000000eab00000,0x00000000eaf80000,0x00000000eaf80000)
  from space 1024K, 96% used [0x00000000eb180000,0x00000000eb278060,0x00000000eb280000)
  to   space 1536K, 0% used [0x00000000eaf80000,0x00000000eaf80000,0x00000000eb100000)
 ParOldGen       total 71168K, used 60635K [0x00000000c0000000, 0x00000000c4580000, 0x00000000eab00000)
  object space 71168K, 85% used [0x00000000c0000000,0x00000000c3b36d58,0x00000000c4580000)
 Metaspace       used 94454K, committed 95872K, reserved 1179648K
  class space    used 9428K, committed 10112K, reserved 1048576K
}
Event: 4439.395 GC heap after
{Heap after GC invocations=4772 (full 78):
 PSYoungGen      total 6144K, used 1138K [0x00000000eab00000, 0x00000000eb280000, 0x0000000100000000)
  eden space 4608K, 0% used [0x00000000eab00000,0x00000000eab00000,0x00000000eaf80000)
  from space 1536K, 74% used [0x00000000eaf80000,0x00000000eb09cac0,0x00000000eb100000)
  to   space 1536K, 0% used [0x00000000eb100000,0x00000000eb100000,0x00000000eb280000)
 ParOldGen       total 71168K, used 61450K [0x00000000c0000000, 0x00000000c4580000, 0x00000000eab00000)
  object space 71168K, 86% used [0x00000000c0000000,0x00000000c3c02af8,0x00000000c4580000)
 Metaspace       used 94454K, committed 95872K, reserved 1179648K
  class space    used 9428K, committed 10112K, reserved 1048576K
}

